[2019-10-03 11:46:37] [CRITICAL] red.audio.manager: Internal lavalink server exited early
[2019-10-03 11:46:37] [CRITICAL] red.audio.manager: Internal lavalink server exited early
[2019-10-03 11:46:37] [CRITICAL] red.audio.manager: Internal lavalink server exited early
[2019-10-03 11:46:37] [CRITICAL] red.audio.manager: Internal lavalink server exited early
[2019-10-03 11:46:37] [CRITICAL] red.audio.manager: Internal lavalink server exited early
[2019-10-03 11:46:37] [CRITICAL] red.audio.manager: Internal lavalink server exited early
[2019-10-03 11:46:37] [CRITICAL] red.audio.manager: Internal lavalink server exited early
[2019-10-03 11:46:37] [CRITICAL] red.audio.manager: Internal lavalink server exited early
[2019-10-03 11:46:37] [CRITICAL] red.audio.manager: Internal lavalink server exited early
[2019-10-03 11:46:37] [CRITICAL] red.audio.manager: Internal lavalink server exited early
[2019-10-03 11:46:37] [CRITICAL] red.audio.manager: Internal lavalink server exited early
[2019-10-03 11:46:37] [CRITICAL] red.audio.manager: Internal lavalink server exited early
[2019-10-03 11:46:37] [CRITICAL] red.audio.manager: Internal lavalink server exited early
[2019-10-03 11:46:37] [CRITICAL] red.audio.manager: Internal lavalink server exited early
[2019-10-03 11:46:37] [CRITICAL] red.audio.manager: Internal lavalink server exited early
[2019-10-03 11:46:37] [CRITICAL] red.audio.manager: Internal lavalink server exited early
[2019-10-03 11:46:37] [CRITICAL] red.audio.manager: Internal lavalink server exited early
[2019-10-03 11:46:37] [CRITICAL] red.audio.manager: Internal lavalink server exited early
[2019-10-03 11:46:37] [CRITICAL] red.audio.manager: Internal lavalink server exited early
[2019-10-03 11:46:37] [CRITICAL] red.audio.manager: Internal lavalink server exited early
[2019-10-03 11:46:37] [CRITICAL] red.audio.manager: Internal lavalink server exited early
[2019-10-03 11:46:37] [CRITICAL] red.audio.manager: Internal lavalink server exited early
[2019-10-03 11:46:37] [CRITICAL] red.audio.manager: Internal lavalink server exited early
[2019-10-03 11:46:37] [CRITICAL] red.audio.manager: Internal lavalink server exited early
[2019-10-03 11:46:37] [CRITICAL] red.audio.manager: Internal lavalink server exited early
[2019-10-03 11:46:37] [CRITICAL] red.audio.manager: Internal lavalink server exited early
[2019-10-03 11:46:37] [CRITICAL] red.audio.manager: Internal lavalink server exited early
[2019-10-03 11:46:37] [CRITICAL] red.audio.manager: Internal lavalink server exited early
[2019-10-03 11:46:37] [CRITICAL] red.audio.manager: Internal lavalink server exited early
[2019-10-03 11:46:37] [CRITICAL] red.audio.manager: Internal lavalink server exited early
[2019-10-03 11:46:37] [CRITICAL] red.audio.manager: Internal lavalink server exited early
[2019-10-03 11:46:37] [CRITICAL] red.audio.manager: Internal lavalink server exited early
[2019-10-03 11:46:37] [CRITICAL] red.audio.manager: Internal lavalink server exited early
[2019-10-03 11:46:37] [CRITICAL] red.audio.manager: Internal lavalink server exited early
[2019-10-03 11:46:37] [CRITICAL] red.audio.manager: Internal lavalink server exited early
[2019-10-03 11:46:37] [CRITICAL] red.audio.manager: Internal lavalink server exited early
[2019-10-03 11:46:37] [CRITICAL] red.audio.manager: Internal lavalink server exited early
[2019-10-03 11:46:37] [CRITICAL] red.audio.manager: Internal lavalink server exited early
[2019-10-03 11:46:37] [CRITICAL] red.audio.manager: Internal lavalink server exited early
[2019-10-03 11:46:37] [CRITICAL] red.audio.manager: Internal lavalink server exited early
[2019-10-03 11:46:37] [CRITICAL] red.audio.manager: Internal lavalink server exited early
[2019-10-03 11:46:37] [CRITICAL] red.audio.manager: Internal lavalink server exited early
[2019-10-03 11:46:37] [CRITICAL] red.audio.manager: Internal lavalink server exited early
[2019-10-03 11:46:37] [CRITICAL] red.audio.manager: Internal lavalink server exited early
[2019-10-03 11:46:37] [CRITICAL] red.audio.manager: Internal lavalink server exited early
[2019-10-03 11:46:37] [CRITICAL] red.audio.manager: Internal lavalink server exited early
[2019-10-03 11:46:37] [CRITICAL] red.audio.manager: Internal lavalink server exited early
[2019-10-03 11:46:37] [CRITICAL] red.audio.manager: Internal lavalink server exited early
[2019-10-03 11:46:37] [CRITICAL] red.audio.manager: Internal lavalink server exited early
[2019-10-03 11:46:37] [CRITICAL] red.audio.manager: Internal lavalink server exited early
[2019-10-03 11:46:37] [CRITICAL] red.audio.manager: Internal lavalink server exited early
[2019-10-03 11:46:37] [CRITICAL] red.audio.manager: Internal lavalink server exited early
[2019-10-03 11:46:37] [CRITICAL] red.audio.manager: Internal lavalink server exited early
[2019-10-03 11:46:37] [CRITICAL] red.audio.manager: Internal lavalink server exited early
[2019-10-03 11:46:37] [CRITICAL] red.audio.manager: Internal lavalink server exited early
[2019-10-03 11:46:37] [CRITICAL] red.audio.manager: Internal lavalink server exited early
[2019-10-03 11:46:37] [CRITICAL] red.audio.manager: Internal lavalink server exited early
[2019-10-03 11:46:37] [CRITICAL] red.audio.manager: Internal lavalink server exited early
[2019-10-03 11:46:37] [CRITICAL] red.audio.manager: Internal lavalink server exited early
[2019-10-03 11:46:37] [CRITICAL] red.audio.manager: Internal lavalink server exited early
[2019-10-03 11:46:37] [CRITICAL] red.audio.manager: Internal lavalink server exited early
[2019-10-03 11:46:37] [CRITICAL] red.audio.manager: Internal lavalink server exited early
[2019-10-03 11:46:37] [CRITICAL] red.audio.manager: Internal lavalink server exited early
[2019-10-03 11:46:37] [CRITICAL] red.audio.manager: Internal lavalink server exited early
[2019-10-03 11:46:37] [CRITICAL] red.audio.manager: Internal lavalink server exited early
[2019-10-03 11:46:37] [CRITICAL] red.audio.manager: Internal lavalink server exited early
[2019-10-03 11:46:37] [CRITICAL] red.audio.manager: Internal lavalink server exited early
[2019-10-03 11:46:37] [CRITICAL] red.audio.manager: Internal lavalink server exited early
[2019-10-03 11:46:37] [CRITICAL] red.audio.manager: Internal lavalink server exited early
[2019-10-03 11:46:37] [CRITICAL] red.audio.manager: Internal lavalink server exited early
[2019-10-03 11:46:37] [CRITICAL] red.audio.manager: Internal lavalink server exited early
[2019-10-03 11:46:37] [CRITICAL] red.audio.manager: Internal lavalink server exited early
[2019-10-03 11:46:37] [CRITICAL] red.audio.manager: Internal lavalink server exited early
[2019-10-03 11:46:37] [CRITICAL] red.audio.manager: Internal lavalink server exited early
[2019-10-03 11:46:37] [CRITICAL] red.audio.manager: Internal lavalink server exited early
[2019-10-03 11:46:37] [CRITICAL] red.audio.manager: Internal lavalink server exited early
[2019-10-03 11:46:37] [CRITICAL] red.audio.manager: Internal lavalink server exited early
[2019-10-03 11:46:37] [CRITICAL] red.audio.manager: Internal lavalink server exited early
[2019-10-03 11:46:37] [CRITICAL] red.audio.manager: Internal lavalink server exited early
[2019-10-03 11:46:37] [CRITICAL] red.audio.manager: Internal lavalink server exited early
[2019-10-03 11:46:37] [CRITICAL] red.audio.manager: Internal lavalink server exited early
[2019-10-03 11:46:37] [CRITICAL] red.audio.manager: Internal lavalink server exited early
[2019-10-03 11:46:37] [CRITICAL] red.audio.manager: Internal lavalink server exited early
[2019-10-03 11:46:37] [CRITICAL] red.audio.manager: Internal lavalink server exited early
[2019-10-03 11:46:37] [CRITICAL] red.audio.manager: Internal lavalink server exited early
[2019-10-03 11:46:37] [CRITICAL] red.audio.manager: Internal lavalink server exited early
[2019-10-03 11:46:37] [CRITICAL] red.audio.manager: Internal lavalink server exited early
[2019-10-03 11:46:37] [CRITICAL] red.audio.manager: Internal lavalink server exited early
[2019-10-03 11:46:37] [CRITICAL] red.audio.manager: Internal lavalink server exited early
[2019-10-03 11:46:37] [CRITICAL] red.audio.manager: Internal lavalink server exited early
[2019-10-03 11:46:37] [CRITICAL] red.audio.manager: Internal lavalink server exited early
[2019-10-03 11:46:37] [CRITICAL] red.audio.manager: Internal lavalink server exited early
[2019-10-03 11:46:37] [CRITICAL] red.audio.manager: Internal lavalink server exited early
[2019-10-03 11:46:37] [CRITICAL] red.audio.manager: Internal lavalink server exited early
[2019-10-03 11:46:37] [CRITICAL] red.audio.manager: Internal lavalink server exited early
[2019-10-03 11:46:37] [CRITICAL] red.audio.manager: Internal lavalink server exited early
[2019-10-03 11:46:37] [CRITICAL] red.audio.manager: Internal lavalink server exited early
[2019-10-03 11:46:37] [CRITICAL] red.audio.manager: Internal lavalink server exited early
[2019-10-03 11:46:37] [CRITICAL] red.audio.manager: Internal lavalink server exited early
[2019-10-03 11:46:37] [CRITICAL] red.audio.manager: Internal lavalink server exited early
[2019-10-03 11:46:37] [CRITICAL] red.audio.manager: Internal lavalink server exited early
[2019-10-03 11:46:37] [CRITICAL] red.audio.manager: Internal lavalink server exited early
[2019-10-03 11:46:37] [CRITICAL] red.audio.manager: Internal lavalink server exited early
[2019-10-03 11:46:37] [CRITICAL] red.audio.manager: Internal lavalink server exited early
[2019-10-03 11:46:37] [CRITICAL] red.audio.manager: Internal lavalink server exited early
[2019-10-03 11:46:37] [CRITICAL] red.audio.manager: Internal lavalink server exited early
[2019-10-03 11:46:37] [CRITICAL] red.audio.manager: Internal lavalink server exited early
[2019-10-03 11:46:37] [CRITICAL] red.audio.manager: Internal lavalink server exited early
[2019-10-03 11:46:37] [CRITICAL] red.audio.manager: Internal lavalink server exited early
[2019-10-03 11:46:37] [CRITICAL] red.audio.manager: Internal lavalink server exited early
[2019-10-03 11:46:37] [CRITICAL] red.audio.manager: Internal lavalink server exited early
[2019-10-03 11:46:37] [CRITICAL] red.audio.manager: Internal lavalink server exited early
[2019-10-03 11:46:37] [CRITICAL] red.audio.manager: Internal lavalink server exited early
[2019-10-03 11:46:37] [CRITICAL] red.audio.manager: Internal lavalink server exited early
[2019-10-03 11:46:37] [CRITICAL] red.audio.manager: Internal lavalink server exited early
[2019-10-03 11:46:37] [CRITICAL] red.audio.manager: Internal lavalink server exited early
[2019-10-03 11:46:37] [CRITICAL] red.audio.manager: Internal lavalink server exited early
[2019-10-03 11:46:37] [CRITICAL] red.audio.manager: Internal lavalink server exited early
[2019-10-03 11:46:37] [CRITICAL] red.audio.manager: Internal lavalink server exited early
[2019-10-03 11:46:37] [CRITICAL] red.audio.manager: Internal lavalink server exited early
[2019-10-03 11:46:37] [CRITICAL] red.audio.manager: Internal lavalink server exited early
[2019-10-03 11:46:37] [CRITICAL] red.audio.manager: Internal lavalink server exited early
[2019-10-03 11:46:37] [CRITICAL] red.audio.manager: Internal lavalink server exited early
[2019-10-03 11:46:37] [CRITICAL] red.audio.manager: Internal lavalink server exited early
[2019-10-03 11:46:37] [CRITICAL] red.audio.manager: Internal lavalink server exited early
[2019-10-03 11:46:37] [CRITICAL] red.audio.manager: Internal lavalink server exited early
[2019-10-03 11:46:37] [CRITICAL] red.audio.manager: Internal lavalink server exited early
[2019-10-03 11:46:37] [CRITICAL] red.audio.manager: Internal lavalink server exited early
[2019-10-03 11:46:37] [CRITICAL] red.audio.manager: Internal lavalink server exited early
[2019-10-03 11:46:37] [CRITICAL] red.audio.manager: Internal lavalink server exited early
[2019-10-03 11:46:37] [CRITICAL] red.audio.manager: Internal lavalink server exited early
[2019-10-03 11:46:37] [CRITICAL] red.audio.manager: Internal lavalink server exited early
[2019-10-03 11:46:37] [CRITICAL] red.audio.manager: Internal lavalink server exited early
[2019-10-03 11:46:37] [CRITICAL] red.audio.manager: Internal lavalink server exited early
[2019-10-03 11:46:37] [CRITICAL] red.audio.manager: Internal lavalink server exited early
[2019-10-03 11:46:37] [CRITICAL] red.audio.manager: Internal lavalink server exited early
[2019-10-03 11:46:37] [CRITICAL] red.audio.manager: Internal lavalink server exited early
[2019-10-03 11:46:37] [CRITICAL] red.audio.manager: Internal lavalink server exited early
[2019-10-03 11:46:37] [CRITICAL] red.audio.manager: Internal lavalink server exited early
[2019-10-03 11:46:37] [CRITICAL] red.audio.manager: Internal lavalink server exited early
[2019-10-03 11:46:37] [CRITICAL] red.audio.manager: Internal lavalink server exited early
[2019-10-03 11:46:37] [CRITICAL] red.audio.manager: Internal lavalink server exited early
[2019-10-03 11:46:37] [CRITICAL] red.audio.manager: Internal lavalink server exited early
[2019-10-03 11:46:37] [CRITICAL] red.audio.manager: Internal lavalink server exited early
[2019-10-03 11:46:37] [CRITICAL] red.audio.manager: Internal lavalink server exited early
[2019-10-03 11:46:37] [CRITICAL] red.audio.manager: Internal lavalink server exited early
[2019-10-03 11:46:37] [CRITICAL] red.audio.manager: Internal lavalink server exited early
[2019-10-03 11:46:37] [CRITICAL] red.audio.manager: Internal lavalink server exited early
[2019-10-03 11:46:37] [CRITICAL] red.audio.manager: Internal lavalink server exited early
[2019-10-03 11:46:37] [CRITICAL] red.audio.manager: Internal lavalink server exited early
[2019-10-03 11:46:37] [CRITICAL] red.audio.manager: Internal lavalink server exited early
[2019-10-03 11:46:37] [CRITICAL] red.audio.manager: Internal lavalink server exited early
[2019-10-03 11:46:37] [CRITICAL] red.audio.manager: Internal lavalink server exited early
[2019-10-03 11:46:37] [CRITICAL] red.audio.manager: Internal lavalink server exited early
[2019-10-03 11:46:37] [CRITICAL] red.audio.manager: Internal lavalink server exited early
[2019-10-03 11:46:37] [CRITICAL] red.audio.manager: Internal lavalink server exited early
[2019-10-03 11:46:37] [CRITICAL] red.audio.manager: Internal lavalink server exited early
[2019-10-03 11:46:37] [CRITICAL] red.audio.manager: Internal lavalink server exited early
[2019-10-03 11:46:37] [CRITICAL] red.audio.manager: Internal lavalink server exited early
[2019-10-03 11:46:37] [CRITICAL] red.audio.manager: Internal lavalink server exited early
[2019-10-03 11:46:37] [CRITICAL] red.audio.manager: Internal lavalink server exited early
[2019-10-03 11:46:37] [CRITICAL] red.audio.manager: Internal lavalink server exited early
[2019-10-03 11:46:37] [CRITICAL] red.audio.manager: Internal lavalink server exited early
[2019-10-03 11:46:37] [CRITICAL] red.audio.manager: Internal lavalink server exited early
[2019-10-03 11:46:37] [CRITICAL] red.audio.manager: Internal lavalink server exited early
[2019-10-03 11:46:37] [CRITICAL] red.audio.manager: Internal lavalink server exited early
[2019-10-03 11:46:37] [CRITICAL] red.audio.manager: Internal lavalink server exited early
[2019-10-03 11:46:37] [CRITICAL] red.audio.manager: Internal lavalink server exited early
[2019-10-03 11:46:37] [CRITICAL] red.audio.manager: Internal lavalink server exited early
[2019-10-03 11:46:37] [CRITICAL] red.audio.manager: Internal lavalink server exited early
[2019-10-03 11:46:37] [CRITICAL] red.audio.manager: Internal lavalink server exited early
[2019-10-03 11:46:37] [CRITICAL] red.audio.manager: Internal lavalink server exited early
[2019-10-03 11:46:37] [CRITICAL] red.audio.manager: Internal lavalink server exited early
[2019-10-03 11:46:37] [CRITICAL] red.audio.manager: Internal lavalink server exited early
[2019-10-03 11:46:37] [CRITICAL] red.audio.manager: Internal lavalink server exited early
[2019-10-03 11:46:37] [CRITICAL] red.audio.manager: Internal lavalink server exited early
[2019-10-03 11:46:37] [CRITICAL] red.audio.manager: Internal lavalink server exited early
[2019-10-03 11:46:37] [CRITICAL] red.audio.manager: Internal lavalink server exited early
[2019-10-03 11:46:37] [CRITICAL] red.audio.manager: Internal lavalink server exited early
[2019-10-03 11:46:37] [CRITICAL] red.audio.manager: Internal lavalink server exited early
[2019-10-03 11:46:37] [CRITICAL] red.audio.manager: Internal lavalink server exited early
[2019-10-03 11:46:37] [CRITICAL] red.audio.manager: Internal lavalink server exited early
[2019-10-03 11:46:37] [CRITICAL] red.audio.manager: Internal lavalink server exited early
[2019-10-03 11:46:37] [CRITICAL] red.audio.manager: Internal lavalink server exited early
[2019-10-03 11:46:37] [CRITICAL] red.audio.manager: Internal lavalink server exited early
[2019-10-03 11:46:37] [CRITICAL] red.audio.manager: Internal lavalink server exited early
[2019-10-03 11:46:37] [CRITICAL] red.audio.manager: Internal lavalink server exited early
[2019-10-03 11:46:37] [CRITICAL] red.audio.manager: Internal lavalink server exited early
[2019-10-03 11:46:37] [CRITICAL] red.audio.manager: Internal lavalink server exited early
[2019-10-03 11:46:37] [CRITICAL] red.audio.manager: Internal lavalink server exited early
[2019-10-03 11:46:37] [CRITICAL] red.audio.manager: Internal lavalink server exited early
[2019-10-03 11:46:37] [CRITICAL] red.audio.manager: Internal lavalink server exited early
[2019-10-03 11:46:37] [CRITICAL] red.audio.manager: Internal lavalink server exited early
[2019-10-03 11:46:37] [CRITICAL] red.audio.manager: Internal lavalink server exited early
[2019-10-03 11:46:37] [CRITICAL] red.audio.manager: Internal lavalink server exited early
[2019-10-03 11:46:37] [CRITICAL] red.audio.manager: Internal lavalink server exited early
[2019-10-03 11:46:37] [CRITICAL] red.audio.manager: Internal lavalink server exited early
[2019-10-03 11:46:37] [CRITICAL] red.audio.manager: Internal lavalink server exited early
[2019-10-03 11:46:37] [CRITICAL] red.audio.manager: Internal lavalink server exited early
[2019-10-03 11:46:37] [CRITICAL] red.audio.manager: Internal lavalink server exited early
[2019-10-03 11:46:37] [CRITICAL] red.audio.manager: Internal lavalink server exited early
[2019-10-03 11:46:37] [CRITICAL] red.audio.manager: Internal lavalink server exited early
[2019-10-03 11:46:37] [CRITICAL] red.audio.manager: Internal lavalink server exited early
[2019-10-03 11:46:37] [CRITICAL] red.audio.manager: Internal lavalink server exited early
[2019-10-03 11:46:37] [CRITICAL] red.audio.manager: Internal lavalink server exited early
[2019-10-03 11:46:37] [CRITICAL] red.audio.manager: Internal lavalink server exited early
[2019-10-03 11:46:37] [CRITICAL] red.audio.manager: Internal lavalink server exited early
[2019-10-03 11:46:37] [CRITICAL] red.audio.manager: Internal lavalink server exited early
[2019-10-03 11:46:37] [CRITICAL] red.audio.manager: Internal lavalink server exited early
[2019-10-03 11:46:37] [CRITICAL] red.audio.manager: Internal lavalink server exited early
[2019-10-03 11:46:37] [CRITICAL] red.audio.manager: Internal lavalink server exited early
[2019-10-03 11:46:37] [CRITICAL] red.audio.manager: Internal lavalink server exited early
[2019-10-03 11:46:37] [CRITICAL] red.audio.manager: Internal lavalink server exited early
[2019-10-03 11:46:37] [CRITICAL] red.audio.manager: Internal lavalink server exited early
[2019-10-03 11:46:37] [CRITICAL] red.audio.manager: Internal lavalink server exited early
[2019-10-03 11:46:37] [CRITICAL] red.audio.manager: Internal lavalink server exited early
[2019-10-03 11:46:37] [CRITICAL] red.audio.manager: Internal lavalink server exited early
[2019-10-03 11:46:37] [CRITICAL] red.audio.manager: Internal lavalink server exited early
[2019-10-03 11:46:37] [CRITICAL] red.audio.manager: Internal lavalink server exited early
[2019-10-03 11:46:37] [CRITICAL] red.audio.manager: Internal lavalink server exited early
[2019-10-03 11:46:37] [CRITICAL] red.audio.manager: Internal lavalink server exited early
[2019-10-03 11:46:37] [CRITICAL] red.audio.manager: Internal lavalink server exited early
[2019-10-03 11:46:37] [CRITICAL] red.audio.manager: Internal lavalink server exited early
[2019-10-03 11:46:37] [CRITICAL] red.audio.manager: Internal lavalink server exited early
[2019-10-03 11:46:37] [CRITICAL] red.audio.manager: Internal lavalink server exited early
[2019-10-03 11:46:37] [CRITICAL] red.audio.manager: Internal lavalink server exited early
[2019-10-03 11:46:37] [CRITICAL] red.audio.manager: Internal lavalink server exited early
[2019-10-03 11:46:37] [CRITICAL] red.audio.manager: Internal lavalink server exited early
[2019-10-03 11:46:37] [CRITICAL] red.audio.manager: Internal lavalink server exited early
[2019-10-03 11:46:37] [CRITICAL] red.audio.manager: Internal lavalink server exited early
[2019-10-03 11:46:37] [CRITICAL] red.audio.manager: Internal lavalink server exited early
[2019-10-03 11:46:37] [CRITICAL] red.audio.manager: Internal lavalink server exited early
[2019-10-03 11:46:37] [CRITICAL] red.audio.manager: Internal lavalink server exited early
[2019-10-03 11:46:37] [CRITICAL] red.audio.manager: Internal lavalink server exited early
[2019-10-03 11:46:37] [CRITICAL] red.audio.manager: Internal lavalink server exited early
[2019-10-03 11:46:37] [CRITICAL] red.audio.manager: Internal lavalink server exited early
[2019-10-03 11:46:37] [CRITICAL] red.audio.manager: Internal lavalink server exited early
[2019-10-03 11:46:37] [CRITICAL] red.audio.manager: Internal lavalink server exited early
[2019-10-03 11:46:37] [CRITICAL] red.audio.manager: Internal lavalink server exited early
[2019-10-03 11:46:37] [CRITICAL] red.audio.manager: Internal lavalink server exited early
[2019-10-03 11:46:37] [CRITICAL] red.audio.manager: Internal lavalink server exited early
[2019-10-03 11:46:37] [CRITICAL] red.audio.manager: Internal lavalink server exited early
[2019-10-03 11:46:37] [CRITICAL] red.audio.manager: Internal lavalink server exited early
[2019-10-03 11:46:37] [CRITICAL] red.audio.manager: Internal lavalink server exited early
[2019-10-03 11:46:37] [CRITICAL] red.audio.manager: Internal lavalink server exited early
[2019-10-03 11:46:37] [CRITICAL] red.audio.manager: Internal lavalink server exited early
[2019-10-03 11:46:37] [CRITICAL] red.audio.manager: Internal lavalink server exited early
[2019-10-03 11:46:37] [CRITICAL] red.audio.manager: Internal lavalink server exited early
[2019-10-03 11:46:37] [CRITICAL] red.audio.manager: Internal lavalink server exited early
[2019-10-03 11:46:37] [CRITICAL] red.audio.manager: Internal lavalink server exited early
[2019-10-03 11:46:37] [CRITICAL] red.audio.manager: Internal lavalink server exited early
[2019-10-03 11:46:37] [CRITICAL] red.audio.manager: Internal lavalink server exited early
[2019-10-03 11:46:37] [CRITICAL] red.audio.manager: Internal lavalink server exited early
[2019-10-03 11:46:37] [CRITICAL] red.audio.manager: Internal lavalink server exited early
[2019-10-03 11:46:37] [CRITICAL] red.audio.manager: Internal lavalink server exited early
[2019-10-03 11:46:37] [CRITICAL] red.audio.manager: Internal lavalink server exited early
[2019-10-03 11:46:37] [CRITICAL] red.audio.manager: Internal lavalink server exited early
[2019-10-03 11:46:37] [CRITICAL] red.audio.manager: Internal lavalink server exited early
[2019-10-03 11:46:37] [CRITICAL] red.audio.manager: Internal lavalink server exited early
[2019-10-03 11:46:37] [CRITICAL] red.audio.manager: Internal lavalink server exited early
[2019-10-03 11:46:37] [CRITICAL] red.audio.manager: Internal lavalink server exited early
[2019-10-03 11:46:37] [CRITICAL] red.audio.manager: Internal lavalink server exited early
[2019-10-03 11:46:37] [CRITICAL] red.audio.manager: Internal lavalink server exited early
[2019-10-03 11:46:37] [CRITICAL] red.audio.manager: Internal lavalink server exited early
[2019-10-03 11:46:37] [CRITICAL] red.audio.manager: Internal lavalink server exited early
[2019-10-03 11:46:37] [CRITICAL] red.audio.manager: Internal lavalink server exited early
[2019-10-03 11:46:37] [CRITICAL] red.audio.manager: Internal lavalink server exited early
[2019-10-03 11:46:37] [CRITICAL] red.audio.manager: Internal lavalink server exited early
[2019-10-03 11:46:37] [CRITICAL] red.audio.manager: Internal lavalink server exited early
[2019-10-03 11:46:37] [CRITICAL] red.audio.manager: Internal lavalink server exited early
[2019-10-03 11:46:37] [CRITICAL] red.audio.manager: Internal lavalink server exited early
[2019-10-03 11:46:37] [CRITICAL] red.audio.manager: Internal lavalink server exited early
[2019-10-03 11:46:37] [CRITICAL] red.audio.manager: Internal lavalink server exited early
[2019-10-03 11:46:37] [CRITICAL] red.audio.manager: Internal lavalink server exited early
[2019-10-03 11:46:37] [CRITICAL] red.audio.manager: Internal lavalink server exited early
[2019-10-03 11:46:37] [CRITICAL] red.audio.manager: Internal lavalink server exited early
[2019-10-03 11:46:37] [CRITICAL] red.audio.manager: Internal lavalink server exited early
[2019-10-03 11:46:37] [CRITICAL] red.audio.manager: Internal lavalink server exited early
[2019-10-03 11:46:37] [CRITICAL] red.audio.manager: Internal lavalink server exited early
[2019-10-03 11:46:37] [CRITICAL] red.audio.manager: Internal lavalink server exited early
[2019-10-03 11:46:37] [CRITICAL] red.audio.manager: Internal lavalink server exited early
[2019-10-03 11:46:37] [CRITICAL] red.audio.manager: Internal lavalink server exited early
[2019-10-03 11:46:37] [CRITICAL] red.audio.manager: Internal lavalink server exited early
[2019-10-03 11:46:37] [CRITICAL] red.audio.manager: Internal lavalink server exited early
[2019-10-03 11:46:37] [CRITICAL] red.audio.manager: Internal lavalink server exited early
[2019-10-03 11:46:37] [CRITICAL] red.audio.manager: Internal lavalink server exited early
[2019-10-03 11:46:37] [CRITICAL] red.audio.manager: Internal lavalink server exited early
[2019-10-03 11:46:37] [CRITICAL] red.audio.manager: Internal lavalink server exited early
[2019-10-03 11:46:37] [CRITICAL] red.audio.manager: Internal lavalink server exited early
[2019-10-03 11:46:37] [CRITICAL] red.audio.manager: Internal lavalink server exited early
[2019-10-03 11:46:37] [CRITICAL] red.audio.manager: Internal lavalink server exited early
[2019-10-03 11:46:37] [CRITICAL] red.audio.manager: Internal lavalink server exited early
[2019-10-03 11:46:37] [CRITICAL] red.audio.manager: Internal lavalink server exited early
[2019-10-03 11:46:37] [CRITICAL] red.audio.manager: Internal lavalink server exited early
[2019-10-03 11:46:37] [CRITICAL] red.audio.manager: Internal lavalink server exited early
[2019-10-03 11:46:37] [CRITICAL] red.audio.manager: Internal lavalink server exited early
[2019-10-03 11:46:37] [CRITICAL] red.audio.manager: Internal lavalink server exited early
[2019-10-03 11:46:37] [CRITICAL] red.audio.manager: Internal lavalink server exited early
[2019-10-03 11:46:37] [CRITICAL] red.audio.manager: Internal lavalink server exited early
[2019-10-03 11:46:37] [CRITICAL] red.audio.manager: Internal lavalink server exited early
[2019-10-03 11:46:37] [CRITICAL] red.audio.manager: Internal lavalink server exited early
[2019-10-03 11:46:37] [CRITICAL] red.audio.manager: Internal lavalink server exited early
[2019-10-03 11:46:37] [CRITICAL] red.audio.manager: Internal lavalink server exited early
[2019-10-03 11:46:37] [CRITICAL] red.audio.manager: Internal lavalink server exited early
[2019-10-03 11:46:37] [CRITICAL] red.audio.manager: Internal lavalink server exited early
[2019-10-03 11:46:37] [CRITICAL] red.audio.manager: Internal lavalink server exited early
[2019-10-03 11:46:37] [CRITICAL] red.audio.manager: Internal lavalink server exited early
[2019-10-03 11:46:37] [CRITICAL] red.audio.manager: Internal lavalink server exited early
[2019-10-03 11:46:37] [CRITICAL] red.audio.manager: Internal lavalink server exited early
[2019-10-03 11:46:37] [CRITICAL] red.audio.manager: Internal lavalink server exited early
[2019-10-03 11:46:37] [CRITICAL] red.audio.manager: Internal lavalink server exited early
[2019-10-03 11:46:37] [CRITICAL] red.audio.manager: Internal lavalink server exited early
[2019-10-03 11:46:37] [CRITICAL] red.audio.manager: Internal lavalink server exited early
[2019-10-03 11:46:37] [CRITICAL] red.audio.manager: Internal lavalink server exited early
[2019-10-03 11:46:37] [CRITICAL] red.audio.manager: Internal lavalink server exited early
[2019-10-03 11:46:37] [CRITICAL] red.audio.manager: Internal lavalink server exited early
[2019-10-03 11:46:37] [CRITICAL] red.audio.manager: Internal lavalink server exited early
[2019-10-03 11:46:37] [CRITICAL] red.audio.manager: Internal lavalink server exited early
[2019-10-03 11:46:37] [CRITICAL] red.audio.manager: Internal lavalink server exited early
[2019-10-03 11:46:37] [CRITICAL] red.audio.manager: Internal lavalink server exited early
[2019-10-03 11:46:37] [CRITICAL] red.audio.manager: Internal lavalink server exited early
[2019-10-03 11:46:37] [CRITICAL] red.audio.manager: Internal lavalink server exited early
[2019-10-03 11:46:37] [CRITICAL] red.audio.manager: Internal lavalink server exited early
[2019-10-03 11:46:37] [CRITICAL] red.audio.manager: Internal lavalink server exited early
[2019-10-03 11:46:37] [CRITICAL] red.audio.manager: Internal lavalink server exited early
[2019-10-03 11:46:37] [CRITICAL] red.audio.manager: Internal lavalink server exited early
[2019-10-03 11:46:37] [CRITICAL] red.audio.manager: Internal lavalink server exited early
[2019-10-03 11:46:37] [CRITICAL] red.audio.manager: Internal lavalink server exited early
[2019-10-03 11:46:37] [CRITICAL] red.audio.manager: Internal lavalink server exited early
[2019-10-03 11:46:37] [CRITICAL] red.audio.manager: Internal lavalink server exited early
[2019-10-03 11:46:37] [CRITICAL] red.audio.manager: Internal lavalink server exited early
[2019-10-03 11:46:37] [CRITICAL] red.audio.manager: Internal lavalink server exited early
[2019-10-03 11:46:37] [CRITICAL] red.audio.manager: Internal lavalink server exited early
[2019-10-03 11:46:37] [CRITICAL] red.audio.manager: Internal lavalink server exited early
[2019-10-03 11:46:37] [CRITICAL] red.audio.manager: Internal lavalink server exited early
[2019-10-03 11:46:37] [CRITICAL] red.audio.manager: Internal lavalink server exited early
[2019-10-03 11:46:37] [CRITICAL] red.audio.manager: Internal lavalink server exited early
[2019-10-03 11:46:37] [CRITICAL] red.audio.manager: Internal lavalink server exited early
[2019-10-03 11:46:37] [CRITICAL] red.audio.manager: Internal lavalink server exited early
[2019-10-03 11:46:37] [CRITICAL] red.audio.manager: Internal lavalink server exited early
[2019-10-03 11:46:37] [CRITICAL] red.audio.manager: Internal lavalink server exited early
[2019-10-03 11:46:37] [CRITICAL] red.audio.manager: Internal lavalink server exited early
[2019-10-03 11:46:37] [CRITICAL] red.audio.manager: Internal lavalink server exited early
[2019-10-03 11:46:37] [CRITICAL] red.audio.manager: Internal lavalink server exited early
[2019-10-03 11:46:37] [CRITICAL] red.audio.manager: Internal lavalink server exited early
[2019-10-03 11:46:37] [CRITICAL] red.audio.manager: Internal lavalink server exited early
[2019-10-03 11:46:37] [CRITICAL] red.audio.manager: Internal lavalink server exited early
[2019-10-03 11:46:37] [CRITICAL] red.audio.manager: Internal lavalink server exited early
[2019-10-03 11:46:37] [CRITICAL] red.audio.manager: Internal lavalink server exited early
[2019-10-03 11:46:37] [CRITICAL] red.audio.manager: Internal lavalink server exited early
[2019-10-03 11:46:37] [CRITICAL] red.audio.manager: Internal lavalink server exited early
[2019-10-03 11:46:37] [CRITICAL] red.audio.manager: Internal lavalink server exited early
[2019-10-03 11:46:37] [CRITICAL] red.audio.manager: Internal lavalink server exited early
[2019-10-03 11:46:37] [CRITICAL] red.audio.manager: Internal lavalink server exited early
[2019-10-03 11:46:37] [CRITICAL] red.audio.manager: Internal lavalink server exited early
[2019-10-03 11:46:37] [CRITICAL] red.audio.manager: Internal lavalink server exited early
[2019-10-03 11:46:37] [CRITICAL] red.audio.manager: Internal lavalink server exited early
[2019-10-03 11:46:37] [CRITICAL] red.audio.manager: Internal lavalink server exited early
[2019-10-03 11:46:38] [CRITICAL] red.audio.manager: Internal lavalink server exited early
[2019-10-03 11:46:38] [CRITICAL] red.audio.manager: Internal lavalink server exited early
[2019-10-03 11:46:38] [CRITICAL] red.audio.manager: Internal lavalink server exited early
[2019-10-03 11:46:38] [CRITICAL] red.audio.manager: Internal lavalink server exited early
[2019-10-03 11:46:38] [CRITICAL] red.audio.manager: Internal lavalink server exited early
[2019-10-03 11:46:38] [CRITICAL] red.audio.manager: Internal lavalink server exited early
[2019-10-03 11:46:38] [CRITICAL] red.audio.manager: Internal lavalink server exited early
[2019-10-03 11:46:38] [CRITICAL] red.audio.manager: Internal lavalink server exited early
[2019-10-03 11:46:38] [CRITICAL] red.audio.manager: Internal lavalink server exited early
[2019-10-03 11:46:38] [CRITICAL] red.audio.manager: Internal lavalink server exited early
[2019-10-03 11:46:38] [CRITICAL] red.audio.manager: Internal lavalink server exited early
[2019-10-03 11:46:38] [CRITICAL] red.audio.manager: Internal lavalink server exited early
[2019-10-03 11:46:38] [CRITICAL] red.audio.manager: Internal lavalink server exited early
[2019-10-03 11:46:38] [CRITICAL] red.audio.manager: Internal lavalink server exited early
[2019-10-03 11:46:38] [CRITICAL] red.audio.manager: Internal lavalink server exited early
[2019-10-03 11:46:38] [CRITICAL] red.audio.manager: Internal lavalink server exited early
[2019-10-03 11:46:38] [CRITICAL] red.audio.manager: Internal lavalink server exited early
[2019-10-03 11:46:38] [CRITICAL] red.audio.manager: Internal lavalink server exited early
[2019-10-03 11:46:38] [CRITICAL] red.audio.manager: Internal lavalink server exited early
[2019-10-03 11:46:38] [CRITICAL] red.audio.manager: Internal lavalink server exited early
[2019-10-03 11:46:38] [CRITICAL] red.audio.manager: Internal lavalink server exited early
[2019-10-03 11:46:38] [CRITICAL] red.audio.manager: Internal lavalink server exited early
[2019-10-03 11:46:38] [CRITICAL] red.audio.manager: Internal lavalink server exited early
[2019-10-03 11:46:38] [CRITICAL] red.audio.manager: Internal lavalink server exited early
[2019-10-03 11:46:38] [CRITICAL] red.audio.manager: Internal lavalink server exited early
[2019-10-03 11:46:38] [CRITICAL] red.audio.manager: Internal lavalink server exited early
[2019-10-03 11:46:38] [CRITICAL] red.audio.manager: Internal lavalink server exited early
[2019-10-03 11:46:38] [CRITICAL] red.audio.manager: Internal lavalink server exited early
[2019-10-03 11:46:38] [CRITICAL] red.audio.manager: Internal lavalink server exited early
[2019-10-03 11:46:38] [CRITICAL] red.audio.manager: Internal lavalink server exited early
[2019-10-03 11:46:38] [CRITICAL] red.audio.manager: Internal lavalink server exited early
[2019-10-03 11:46:38] [CRITICAL] red.audio.manager: Internal lavalink server exited early
[2019-10-03 11:46:38] [CRITICAL] red.audio.manager: Internal lavalink server exited early
[2019-10-03 11:46:38] [CRITICAL] red.audio.manager: Internal lavalink server exited early
[2019-10-03 11:46:38] [CRITICAL] red.audio.manager: Internal lavalink server exited early
[2019-10-03 11:46:38] [CRITICAL] red.audio.manager: Internal lavalink server exited early
[2019-10-03 11:46:38] [CRITICAL] red.audio.manager: Internal lavalink server exited early
[2019-10-03 11:46:38] [CRITICAL] red.audio.manager: Internal lavalink server exited early
[2019-10-03 11:46:38] [CRITICAL] red.audio.manager: Internal lavalink server exited early
[2019-10-03 11:46:38] [CRITICAL] red.audio.manager: Internal lavalink server exited early
[2019-10-03 11:46:38] [CRITICAL] red.audio.manager: Internal lavalink server exited early
[2019-10-03 11:46:38] [CRITICAL] red.audio.manager: Internal lavalink server exited early
[2019-10-03 11:46:38] [CRITICAL] red.audio.manager: Internal lavalink server exited early
[2019-10-03 11:46:38] [CRITICAL] red.audio.manager: Internal lavalink server exited early
[2019-10-03 11:46:38] [CRITICAL] red.audio.manager: Internal lavalink server exited early
[2019-10-03 11:46:38] [CRITICAL] red.audio.manager: Internal lavalink server exited early
[2019-10-03 11:46:38] [CRITICAL] red.audio.manager: Internal lavalink server exited early
[2019-10-03 11:46:38] [CRITICAL] red.audio.manager: Internal lavalink server exited early
[2019-10-03 11:46:38] [CRITICAL] red.audio.manager: Internal lavalink server exited early
[2019-10-03 11:46:38] [CRITICAL] red.audio.manager: Internal lavalink server exited early
[2019-10-03 11:46:38] [CRITICAL] red.audio.manager: Internal lavalink server exited early
[2019-10-03 11:46:38] [CRITICAL] red.audio.manager: Internal lavalink server exited early
[2019-10-03 11:46:38] [CRITICAL] red.audio.manager: Internal lavalink server exited early
[2019-10-03 11:46:38] [CRITICAL] red.audio.manager: Internal lavalink server exited early
[2019-10-03 11:46:38] [CRITICAL] red.audio.manager: Internal lavalink server exited early
[2019-10-03 11:46:38] [CRITICAL] red.audio.manager: Internal lavalink server exited early
[2019-10-03 11:46:38] [CRITICAL] red.audio.manager: Internal lavalink server exited early
[2019-10-03 11:46:38] [CRITICAL] red.audio.manager: Internal lavalink server exited early
[2019-10-03 11:46:38] [CRITICAL] red.audio.manager: Internal lavalink server exited early
[2019-10-03 11:46:38] [CRITICAL] red.audio.manager: Internal lavalink server exited early
[2019-10-03 11:46:38] [CRITICAL] red.audio.manager: Internal lavalink server exited early
[2019-10-03 11:46:38] [CRITICAL] red.audio.manager: Internal lavalink server exited early
[2019-10-03 11:46:38] [CRITICAL] red.audio.manager: Internal lavalink server exited early
[2019-10-03 11:46:38] [CRITICAL] red.audio.manager: Internal lavalink server exited early
[2019-10-03 11:46:38] [CRITICAL] red.audio.manager: Internal lavalink server exited early
[2019-10-03 11:46:38] [CRITICAL] red.audio.manager: Internal lavalink server exited early
[2019-10-03 11:46:38] [CRITICAL] red.audio.manager: Internal lavalink server exited early
[2019-10-03 11:46:38] [CRITICAL] red.audio.manager: Internal lavalink server exited early
[2019-10-03 11:46:38] [CRITICAL] red.audio.manager: Internal lavalink server exited early
[2019-10-03 11:46:38] [CRITICAL] red.audio.manager: Internal lavalink server exited early
[2019-10-03 11:46:38] [CRITICAL] red.audio.manager: Internal lavalink server exited early
[2019-10-03 11:46:38] [CRITICAL] red.audio.manager: Internal lavalink server exited early
[2019-10-03 11:46:38] [CRITICAL] red.audio.manager: Internal lavalink server exited early
[2019-10-03 11:46:38] [CRITICAL] red.audio.manager: Internal lavalink server exited early
[2019-10-03 11:46:38] [CRITICAL] red.audio.manager: Internal lavalink server exited early
[2019-10-03 11:46:38] [CRITICAL] red.audio.manager: Internal lavalink server exited early
[2019-10-03 11:46:38] [CRITICAL] red.audio.manager: Internal lavalink server exited early
[2019-10-03 11:46:38] [CRITICAL] red.audio.manager: Internal lavalink server exited early
[2019-10-03 11:46:38] [CRITICAL] red.audio.manager: Internal lavalink server exited early
[2019-10-03 11:46:38] [CRITICAL] red.audio.manager: Internal lavalink server exited early
[2019-10-03 11:46:38] [CRITICAL] red.audio.manager: Internal lavalink server exited early
[2019-10-03 11:46:38] [CRITICAL] red.audio.manager: Internal lavalink server exited early
[2019-10-03 11:46:38] [CRITICAL] red.audio.manager: Internal lavalink server exited early
[2019-10-03 11:46:38] [CRITICAL] red.audio.manager: Internal lavalink server exited early
[2019-10-03 11:46:38] [CRITICAL] red.audio.manager: Internal lavalink server exited early
[2019-10-03 11:46:38] [CRITICAL] red.audio.manager: Internal lavalink server exited early
[2019-10-03 11:46:38] [CRITICAL] red.audio.manager: Internal lavalink server exited early
[2019-10-03 11:46:38] [CRITICAL] red.audio.manager: Internal lavalink server exited early
[2019-10-03 11:46:38] [CRITICAL] red.audio.manager: Internal lavalink server exited early
[2019-10-03 11:46:38] [CRITICAL] red.audio.manager: Internal lavalink server exited early
[2019-10-03 11:46:38] [CRITICAL] red.audio.manager: Internal lavalink server exited early
[2019-10-03 11:46:38] [CRITICAL] red.audio.manager: Internal lavalink server exited early
[2019-10-03 11:46:38] [CRITICAL] red.audio.manager: Internal lavalink server exited early
[2019-10-03 11:46:38] [CRITICAL] red.audio.manager: Internal lavalink server exited early
[2019-10-03 11:46:38] [CRITICAL] red.audio.manager: Internal lavalink server exited early
[2019-10-03 11:46:38] [CRITICAL] red.audio.manager: Internal lavalink server exited early
[2019-10-03 11:46:38] [CRITICAL] red.audio.manager: Internal lavalink server exited early
[2019-10-03 11:46:38] [CRITICAL] red.audio.manager: Internal lavalink server exited early
[2019-10-03 11:46:38] [CRITICAL] red.audio.manager: Internal lavalink server exited early
[2019-10-03 11:46:38] [CRITICAL] red.audio.manager: Internal lavalink server exited early
[2019-10-03 11:46:38] [CRITICAL] red.audio.manager: Internal lavalink server exited early
[2019-10-03 11:46:38] [CRITICAL] red.audio.manager: Internal lavalink server exited early
[2019-10-03 11:46:38] [CRITICAL] red.audio.manager: Internal lavalink server exited early
[2019-10-03 11:46:38] [CRITICAL] red.audio.manager: Internal lavalink server exited early
[2019-10-03 11:46:38] [CRITICAL] red.audio.manager: Internal lavalink server exited early
[2019-10-03 11:46:38] [CRITICAL] red.audio.manager: Internal lavalink server exited early
[2019-10-03 11:46:38] [CRITICAL] red.audio.manager: Internal lavalink server exited early
[2019-10-03 11:46:38] [CRITICAL] red.audio.manager: Internal lavalink server exited early
[2019-10-03 11:46:38] [CRITICAL] red.audio.manager: Internal lavalink server exited early
[2019-10-03 11:46:38] [CRITICAL] red.audio.manager: Internal lavalink server exited early
[2019-10-03 11:46:38] [CRITICAL] red.audio.manager: Internal lavalink server exited early
[2019-10-03 11:46:38] [CRITICAL] red.audio.manager: Internal lavalink server exited early
[2019-10-03 11:46:38] [CRITICAL] red.audio.manager: Internal lavalink server exited early
[2019-10-03 11:46:38] [CRITICAL] red.audio.manager: Internal lavalink server exited early
[2019-10-03 11:46:38] [CRITICAL] red.audio.manager: Internal lavalink server exited early
[2019-10-03 11:46:38] [CRITICAL] red.audio.manager: Internal lavalink server exited early
[2019-10-03 11:46:38] [CRITICAL] red.audio.manager: Internal lavalink server exited early
[2019-10-03 11:46:38] [CRITICAL] red.audio.manager: Internal lavalink server exited early
[2019-10-03 11:46:38] [CRITICAL] red.audio.manager: Internal lavalink server exited early
[2019-10-03 11:46:38] [CRITICAL] red.audio.manager: Internal lavalink server exited early
[2019-10-03 11:46:38] [CRITICAL] red.audio.manager: Internal lavalink server exited early
[2019-10-03 11:46:38] [CRITICAL] red.audio.manager: Internal lavalink server exited early
[2019-10-03 11:46:38] [CRITICAL] red.audio.manager: Internal lavalink server exited early
[2019-10-03 11:46:38] [CRITICAL] red.audio.manager: Internal lavalink server exited early
[2019-10-03 11:46:38] [CRITICAL] red.audio.manager: Internal lavalink server exited early
[2019-10-03 11:46:38] [CRITICAL] red.audio.manager: Internal lavalink server exited early
[2019-10-03 11:46:38] [CRITICAL] red.audio.manager: Internal lavalink server exited early
[2019-10-03 11:46:38] [CRITICAL] red.audio.manager: Internal lavalink server exited early
[2019-10-03 11:46:38] [CRITICAL] red.audio.manager: Internal lavalink server exited early
[2019-10-03 11:46:38] [CRITICAL] red.audio.manager: Internal lavalink server exited early
[2019-10-03 11:46:38] [CRITICAL] red.audio.manager: Internal lavalink server exited early
[2019-10-03 11:46:38] [CRITICAL] red.audio.manager: Internal lavalink server exited early
[2019-10-03 11:46:38] [CRITICAL] red.audio.manager: Internal lavalink server exited early
[2019-10-03 11:46:38] [CRITICAL] red.audio.manager: Internal lavalink server exited early
[2019-10-03 11:46:38] [CRITICAL] red.audio.manager: Internal lavalink server exited early
[2019-10-03 11:46:38] [CRITICAL] red.audio.manager: Internal lavalink server exited early
[2019-10-03 11:46:38] [CRITICAL] red.audio.manager: Internal lavalink server exited early
[2019-10-03 11:46:38] [CRITICAL] red.audio.manager: Internal lavalink server exited early
[2019-10-03 11:46:38] [CRITICAL] red.audio.manager: Internal lavalink server exited early
[2019-10-03 11:46:38] [CRITICAL] red.audio.manager: Internal lavalink server exited early
[2019-10-03 11:46:38] [CRITICAL] red.audio.manager: Internal lavalink server exited early
[2019-10-03 11:46:38] [CRITICAL] red.audio.manager: Internal lavalink server exited early
[2019-10-03 11:46:38] [CRITICAL] red.audio.manager: Internal lavalink server exited early
[2019-10-03 11:46:38] [CRITICAL] red.audio.manager: Internal lavalink server exited early
[2019-10-03 11:46:38] [CRITICAL] red.audio.manager: Internal lavalink server exited early
[2019-10-03 11:46:38] [CRITICAL] red.audio.manager: Internal lavalink server exited early
[2019-10-03 11:46:38] [CRITICAL] red.audio.manager: Internal lavalink server exited early
[2019-10-03 11:46:38] [CRITICAL] red.audio.manager: Internal lavalink server exited early
[2019-10-03 11:46:38] [CRITICAL] red.audio.manager: Internal lavalink server exited early
[2019-10-03 11:46:38] [CRITICAL] red.audio.manager: Internal lavalink server exited early
[2019-10-03 11:46:38] [CRITICAL] red.audio.manager: Internal lavalink server exited early
[2019-10-03 11:46:38] [CRITICAL] red.audio.manager: Internal lavalink server exited early
[2019-10-03 11:46:38] [CRITICAL] red.audio.manager: Internal lavalink server exited early
[2019-10-03 11:46:38] [CRITICAL] red.audio.manager: Internal lavalink server exited early
[2019-10-03 11:46:38] [CRITICAL] red.audio.manager: Internal lavalink server exited early
[2019-10-03 11:46:38] [CRITICAL] red.audio.manager: Internal lavalink server exited early
[2019-10-03 11:46:38] [CRITICAL] red.audio.manager: Internal lavalink server exited early
[2019-10-03 11:46:38] [CRITICAL] red.audio.manager: Internal lavalink server exited early
[2019-10-03 11:46:38] [CRITICAL] red.audio.manager: Internal lavalink server exited early
[2019-10-03 11:46:38] [CRITICAL] red.audio.manager: Internal lavalink server exited early
[2019-10-03 11:46:38] [CRITICAL] red.audio.manager: Internal lavalink server exited early
[2019-10-03 11:46:38] [CRITICAL] red.audio.manager: Internal lavalink server exited early
[2019-10-03 11:46:38] [CRITICAL] red.audio.manager: Internal lavalink server exited early
[2019-10-03 11:46:38] [CRITICAL] red.audio.manager: Internal lavalink server exited early
[2019-10-03 11:46:38] [CRITICAL] red.audio.manager: Internal lavalink server exited early
[2019-10-03 11:46:38] [CRITICAL] red.audio.manager: Internal lavalink server exited early
[2019-10-03 11:46:38] [CRITICAL] red.audio.manager: Internal lavalink server exited early
[2019-10-03 11:46:38] [CRITICAL] red.audio.manager: Internal lavalink server exited early
[2019-10-03 11:46:38] [CRITICAL] red.audio.manager: Internal lavalink server exited early
[2019-10-03 11:46:38] [CRITICAL] red.audio.manager: Internal lavalink server exited early
[2019-10-03 11:46:38] [CRITICAL] red.audio.manager: Internal lavalink server exited early
[2019-10-03 11:46:38] [CRITICAL] red.audio.manager: Internal lavalink server exited early
[2019-10-03 11:46:38] [CRITICAL] red.audio.manager: Internal lavalink server exited early
[2019-10-03 11:46:38] [CRITICAL] red.audio.manager: Internal lavalink server exited early
[2019-10-03 11:46:38] [CRITICAL] red.audio.manager: Internal lavalink server exited early
[2019-10-03 11:46:38] [CRITICAL] red.audio.manager: Internal lavalink server exited early
[2019-10-03 11:46:38] [CRITICAL] red.audio.manager: Internal lavalink server exited early
[2019-10-03 11:46:38] [CRITICAL] red.audio.manager: Internal lavalink server exited early
[2019-10-03 11:46:38] [CRITICAL] red.audio.manager: Internal lavalink server exited early
[2019-10-03 11:46:38] [CRITICAL] red.audio.manager: Internal lavalink server exited early
[2019-10-03 11:46:38] [CRITICAL] red.audio.manager: Internal lavalink server exited early
[2019-10-03 11:46:38] [CRITICAL] red.audio.manager: Internal lavalink server exited early
[2019-10-03 11:46:38] [CRITICAL] red.audio.manager: Internal lavalink server exited early
[2019-10-03 11:46:38] [CRITICAL] red.audio.manager: Internal lavalink server exited early
[2019-10-03 11:46:38] [CRITICAL] red.audio.manager: Internal lavalink server exited early
[2019-10-03 11:46:38] [CRITICAL] red.audio.manager: Internal lavalink server exited early
[2019-10-03 11:46:38] [CRITICAL] red.audio.manager: Internal lavalink server exited early
[2019-10-03 11:46:38] [CRITICAL] red.audio.manager: Internal lavalink server exited early
[2019-10-03 11:46:38] [CRITICAL] red.audio.manager: Internal lavalink server exited early
[2019-10-03 11:46:38] [CRITICAL] red.audio.manager: Internal lavalink server exited early
[2019-10-03 11:46:38] [CRITICAL] red.audio.manager: Internal lavalink server exited early
[2019-10-03 11:46:38] [CRITICAL] red.audio.manager: Internal lavalink server exited early
[2019-10-03 11:46:38] [CRITICAL] red.audio.manager: Internal lavalink server exited early
[2019-10-03 11:46:38] [CRITICAL] red.audio.manager: Internal lavalink server exited early
[2019-10-03 11:46:38] [CRITICAL] red.audio.manager: Internal lavalink server exited early
[2019-10-03 11:46:38] [CRITICAL] red.audio.manager: Internal lavalink server exited early
[2019-10-03 11:46:38] [CRITICAL] red.audio.manager: Internal lavalink server exited early
[2019-10-03 11:46:38] [CRITICAL] red.audio.manager: Internal lavalink server exited early
[2019-10-03 11:46:38] [CRITICAL] red.audio.manager: Internal lavalink server exited early
[2019-10-03 11:46:38] [CRITICAL] red.audio.manager: Internal lavalink server exited early
[2019-10-03 11:46:38] [CRITICAL] red.audio.manager: Internal lavalink server exited early
[2019-10-03 11:46:38] [CRITICAL] red.audio.manager: Internal lavalink server exited early
[2019-10-03 11:46:38] [CRITICAL] red.audio.manager: Internal lavalink server exited early
[2019-10-03 11:46:38] [CRITICAL] red.audio.manager: Internal lavalink server exited early
[2019-10-03 11:46:38] [CRITICAL] red.audio.manager: Internal lavalink server exited early
[2019-10-03 11:46:38] [CRITICAL] red.audio.manager: Internal lavalink server exited early
[2019-10-03 11:46:38] [CRITICAL] red.audio.manager: Internal lavalink server exited early
[2019-10-03 11:46:38] [CRITICAL] red.audio.manager: Internal lavalink server exited early
[2019-10-03 11:46:38] [CRITICAL] red.audio.manager: Internal lavalink server exited early
[2019-10-03 11:46:38] [CRITICAL] red.audio.manager: Internal lavalink server exited early
[2019-10-03 11:46:38] [CRITICAL] red.audio.manager: Internal lavalink server exited early
[2019-10-03 11:46:38] [CRITICAL] red.audio.manager: Internal lavalink server exited early
[2019-10-03 11:46:38] [CRITICAL] red.audio.manager: Internal lavalink server exited early
[2019-10-03 11:46:38] [CRITICAL] red.audio.manager: Internal lavalink server exited early
[2019-10-03 11:46:38] [CRITICAL] red.audio.manager: Internal lavalink server exited early
[2019-10-03 11:46:38] [CRITICAL] red.audio.manager: Internal lavalink server exited early
[2019-10-03 11:46:38] [CRITICAL] red.audio.manager: Internal lavalink server exited early
[2019-10-03 11:46:38] [CRITICAL] red.audio.manager: Internal lavalink server exited early
[2019-10-03 11:46:38] [CRITICAL] red.audio.manager: Internal lavalink server exited early
[2019-10-03 11:46:38] [CRITICAL] red.audio.manager: Internal lavalink server exited early
[2019-10-03 11:46:38] [CRITICAL] red.audio.manager: Internal lavalink server exited early
[2019-10-03 11:46:38] [CRITICAL] red.audio.manager: Internal lavalink server exited early
[2019-10-03 11:46:38] [CRITICAL] red.audio.manager: Internal lavalink server exited early
[2019-10-03 11:46:38] [CRITICAL] red.audio.manager: Internal lavalink server exited early
[2019-10-03 11:46:38] [CRITICAL] red.audio.manager: Internal lavalink server exited early
[2019-10-03 11:46:38] [CRITICAL] red.audio.manager: Internal lavalink server exited early
[2019-10-03 11:46:38] [CRITICAL] red.audio.manager: Internal lavalink server exited early
[2019-10-03 11:46:38] [CRITICAL] red.audio.manager: Internal lavalink server exited early
[2019-10-03 11:46:38] [CRITICAL] red.audio.manager: Internal lavalink server exited early
[2019-10-03 11:46:38] [CRITICAL] red.audio.manager: Internal lavalink server exited early
[2019-10-03 11:46:38] [CRITICAL] red.audio.manager: Internal lavalink server exited early
[2019-10-03 11:46:38] [CRITICAL] red.audio.manager: Internal lavalink server exited early
[2019-10-03 11:46:38] [CRITICAL] red.audio.manager: Internal lavalink server exited early
[2019-10-03 11:46:38] [CRITICAL] red.audio.manager: Internal lavalink server exited early
[2019-10-03 11:46:38] [CRITICAL] red.audio.manager: Internal lavalink server exited early
[2019-10-03 11:46:38] [CRITICAL] red.audio.manager: Internal lavalink server exited early
[2019-10-03 11:46:38] [CRITICAL] red.audio.manager: Internal lavalink server exited early
[2019-10-03 11:46:38] [CRITICAL] red.audio.manager: Internal lavalink server exited early
[2019-10-03 11:46:38] [CRITICAL] red.audio.manager: Internal lavalink server exited early
[2019-10-03 11:46:38] [CRITICAL] red.audio.manager: Internal lavalink server exited early
[2019-10-03 11:46:38] [CRITICAL] red.audio.manager: Internal lavalink server exited early
[2019-10-03 11:46:38] [CRITICAL] red.audio.manager: Internal lavalink server exited early
[2019-10-03 11:46:38] [CRITICAL] red.audio.manager: Internal lavalink server exited early
[2019-10-03 11:46:38] [CRITICAL] red.audio.manager: Internal lavalink server exited early
[2019-10-03 11:46:38] [CRITICAL] red.audio.manager: Internal lavalink server exited early
[2019-10-03 11:46:38] [CRITICAL] red.audio.manager: Internal lavalink server exited early
[2019-10-03 11:46:38] [CRITICAL] red.audio.manager: Internal lavalink server exited early
[2019-10-03 11:46:38] [CRITICAL] red.audio.manager: Internal lavalink server exited early
[2019-10-03 11:46:38] [CRITICAL] red.audio.manager: Internal lavalink server exited early
[2019-10-03 11:46:38] [CRITICAL] red.audio.manager: Internal lavalink server exited early
[2019-10-03 11:46:38] [CRITICAL] red.audio.manager: Internal lavalink server exited early
[2019-10-03 11:46:38] [CRITICAL] red.audio.manager: Internal lavalink server exited early
[2019-10-03 11:46:38] [CRITICAL] red.audio.manager: Internal lavalink server exited early
[2019-10-03 11:46:38] [CRITICAL] red.audio.manager: Internal lavalink server exited early
[2019-10-03 11:46:38] [CRITICAL] red.audio.manager: Internal lavalink server exited early
[2019-10-03 11:46:38] [CRITICAL] red.audio.manager: Internal lavalink server exited early
[2019-10-03 11:46:38] [CRITICAL] red.audio.manager: Internal lavalink server exited early
[2019-10-03 11:46:38] [CRITICAL] red.audio.manager: Internal lavalink server exited early
[2019-10-03 11:46:38] [CRITICAL] red.audio.manager: Internal lavalink server exited early
[2019-10-03 11:46:38] [CRITICAL] red.audio.manager: Internal lavalink server exited early
[2019-10-03 11:46:38] [CRITICAL] red.audio.manager: Internal lavalink server exited early
[2019-10-03 11:46:38] [CRITICAL] red.audio.manager: Internal lavalink server exited early
[2019-10-03 11:46:38] [CRITICAL] red.audio.manager: Internal lavalink server exited early
[2019-10-03 11:46:38] [CRITICAL] red.audio.manager: Internal lavalink server exited early
[2019-10-03 11:46:38] [CRITICAL] red.audio.manager: Internal lavalink server exited early
[2019-10-03 11:46:38] [CRITICAL] red.audio.manager: Internal lavalink server exited early
[2019-10-03 11:46:38] [CRITICAL] red.audio.manager: Internal lavalink server exited early
[2019-10-03 11:46:38] [CRITICAL] red.audio.manager: Internal lavalink server exited early
[2019-10-03 11:46:38] [CRITICAL] red.audio.manager: Internal lavalink server exited early
[2019-10-03 11:46:38] [CRITICAL] red.audio.manager: Internal lavalink server exited early
[2019-10-03 11:46:38] [CRITICAL] red.audio.manager: Internal lavalink server exited early
[2019-10-03 11:46:38] [CRITICAL] red.audio.manager: Internal lavalink server exited early
[2019-10-03 11:46:38] [CRITICAL] red.audio.manager: Internal lavalink server exited early
[2019-10-03 11:46:38] [CRITICAL] red.audio.manager: Internal lavalink server exited early
[2019-10-03 11:46:38] [CRITICAL] red.audio.manager: Internal lavalink server exited early
[2019-10-03 11:46:38] [CRITICAL] red.audio.manager: Internal lavalink server exited early
[2019-10-03 11:46:38] [CRITICAL] red.audio.manager: Internal lavalink server exited early
[2019-10-03 11:46:38] [CRITICAL] red.audio.manager: Internal lavalink server exited early
[2019-10-03 11:46:38] [CRITICAL] red.audio.manager: Internal lavalink server exited early
[2019-10-03 11:46:38] [CRITICAL] red.audio.manager: Internal lavalink server exited early
[2019-10-03 11:46:38] [CRITICAL] red.audio.manager: Internal lavalink server exited early
[2019-10-03 11:46:38] [CRITICAL] red.audio.manager: Internal lavalink server exited early
[2019-10-03 11:46:38] [CRITICAL] red.audio.manager: Internal lavalink server exited early
[2019-10-03 11:46:38] [CRITICAL] red.audio.manager: Internal lavalink server exited early
[2019-10-03 11:46:38] [WARNING] red.audio.manager: Timeout occurred whilst waiting for internal Lavalink server to be ready
[2019-10-03 11:46:38] [INFO] red.audio.manager: Internal Lavalink jar shutdown unexpectedly
[2019-10-03 11:46:38] [INFO] red.audio.manager: Restarting internal Lavalink server
[2019-10-03 11:46:49] [INFO] red.audio.manager: Shutting down internal Lavalink server
[2019-10-03 11:46:55] [ERROR] red.audio: Connecting to Lavalink server timed out, retrying...
[2019-10-03 11:46:55] [INFO] red.audio.manager: Shutting down internal Lavalink server
[2019-10-03 11:51:24] [INFO] red.admin: Skylarr(474104220770107392) changed the colour of role 'Server•Owners'
[2019-10-03 11:54:16] [ERROR] red: Package loading failed
Traceback (most recent call last):
  File "/root/.local/lib/python3.7/site-packages/redbot/core/core_commands.py", line 106, in _load
    await bot.load_extension(spec)
  File "/root/.local/lib/python3.7/site-packages/redbot/core/bot.py", line 293, in load_extension
    lib = spec.loader.load_module()
  File "<frozen importlib._bootstrap_external>", line 407, in _check_name_wrapper
  File "<frozen importlib._bootstrap_external>", line 907, in load_module
  File "<frozen importlib._bootstrap_external>", line 732, in load_module
  File "<frozen importlib._bootstrap>", line 265, in _load_module_shim
  File "<frozen importlib._bootstrap>", line 696, in _load
  File "<frozen importlib._bootstrap>", line 677, in _load_unlocked
  File "<frozen importlib._bootstrap_external>", line 728, in exec_module
  File "<frozen importlib._bootstrap>", line 219, in _call_with_frames_removed
  File "/root/.local/share/Red-DiscordBot/cogs/CogManager/cogs/rolemanagement/__init__.py", line 1, in <module>
    from .core import RoleManagement
  File "/root/.local/share/Red-DiscordBot/cogs/CogManager/cogs/rolemanagement/core.py", line 29, in <module>
    class CompositeMetaClass(commands.Cog, ABC):
TypeError: metaclass conflict: the metaclass of a derived class must be a (non-strict) subclass of the metaclasses of all its bases
[2019-10-03 11:57:17] [ERROR] red: ConversionError
Traceback (most recent call last):
  File "/usr/local/lib/python3.7/dist-packages/discord/ext/commands/core.py", line 354, in _actual_conversion
    ret = await instance.convert(ctx, argument)
  File "/root/.local/share/Red-DiscordBot/cogs/CogManager/cogs/rolemanagement/converters.py", line 125, in convert
    for r in vals[attr]
  File "/root/.local/share/Red-DiscordBot/cogs/CogManager/cogs/rolemanagement/converters.py", line 125, in <listcomp>
    for r in vals[attr]
TypeError: super(type, obj): obj must be an instance or subtype of type

The above exception was the direct cause of the following exception:

Traceback (most recent call last):
  File "/usr/local/lib/python3.7/dist-packages/discord/ext/commands/bot.py", line 863, in invoke
    await ctx.command.invoke(ctx)
  File "/root/.local/lib/python3.7/site-packages/redbot/core/commands/commands.py", line 570, in invoke
    await super().invoke(ctx)
  File "/usr/local/lib/python3.7/dist-packages/discord/ext/commands/core.py", line 1158, in invoke
    await ctx.invoked_subcommand.invoke(ctx)
  File "/usr/local/lib/python3.7/dist-packages/discord/ext/commands/core.py", line 721, in invoke
    await self.prepare(ctx)
  File "/usr/local/lib/python3.7/dist-packages/discord/ext/commands/core.py", line 685, in prepare
    await self._parse_arguments(ctx)
  File "/usr/local/lib/python3.7/dist-packages/discord/ext/commands/core.py", line 608, in _parse_arguments
    kwargs[name] = await self.transform(ctx, param)
  File "/usr/local/lib/python3.7/dist-packages/discord/ext/commands/core.py", line 455, in transform
    return await self.do_conversion(ctx, converter, argument, param)
  File "/root/.local/lib/python3.7/site-packages/redbot/core/commands/commands.py", line 295, in do_conversion
    return await super().do_conversion(ctx, converter, argument, param)
  File "/usr/local/lib/python3.7/dist-packages/discord/ext/commands/core.py", line 408, in do_conversion
    return await self._actual_conversion(ctx, converter, argument, param)
  File "/usr/local/lib/python3.7/dist-packages/discord/ext/commands/core.py", line 367, in _actual_conversion
    raise ConversionError(converter, exc) from exc
discord.ext.commands.errors.ConversionError: (<class 'rolemanagement.converters.ComplexActionConverter'>, TypeError('super(type, obj): obj must be an instance or subtype of type'))
[2019-10-03 11:58:25] [ERROR] red: ConversionError
Traceback (most recent call last):
  File "/usr/local/lib/python3.7/dist-packages/discord/ext/commands/core.py", line 354, in _actual_conversion
    ret = await instance.convert(ctx, argument)
  File "/root/.local/share/Red-DiscordBot/cogs/CogManager/cogs/rolemanagement/converters.py", line 125, in convert
    for r in vals[attr]
  File "/root/.local/share/Red-DiscordBot/cogs/CogManager/cogs/rolemanagement/converters.py", line 125, in <listcomp>
    for r in vals[attr]
TypeError: super(type, obj): obj must be an instance or subtype of type

The above exception was the direct cause of the following exception:

Traceback (most recent call last):
  File "/usr/local/lib/python3.7/dist-packages/discord/ext/commands/bot.py", line 863, in invoke
    await ctx.command.invoke(ctx)
  File "/root/.local/lib/python3.7/site-packages/redbot/core/commands/commands.py", line 570, in invoke
    await super().invoke(ctx)
  File "/usr/local/lib/python3.7/dist-packages/discord/ext/commands/core.py", line 1158, in invoke
    await ctx.invoked_subcommand.invoke(ctx)
  File "/usr/local/lib/python3.7/dist-packages/discord/ext/commands/core.py", line 721, in invoke
    await self.prepare(ctx)
  File "/usr/local/lib/python3.7/dist-packages/discord/ext/commands/core.py", line 685, in prepare
    await self._parse_arguments(ctx)
  File "/usr/local/lib/python3.7/dist-packages/discord/ext/commands/core.py", line 608, in _parse_arguments
    kwargs[name] = await self.transform(ctx, param)
  File "/usr/local/lib/python3.7/dist-packages/discord/ext/commands/core.py", line 455, in transform
    return await self.do_conversion(ctx, converter, argument, param)
  File "/root/.local/lib/python3.7/site-packages/redbot/core/commands/commands.py", line 295, in do_conversion
    return await super().do_conversion(ctx, converter, argument, param)
  File "/usr/local/lib/python3.7/dist-packages/discord/ext/commands/core.py", line 408, in do_conversion
    return await self._actual_conversion(ctx, converter, argument, param)
  File "/usr/local/lib/python3.7/dist-packages/discord/ext/commands/core.py", line 367, in _actual_conversion
    raise ConversionError(converter, exc) from exc
discord.ext.commands.errors.ConversionError: (<class 'rolemanagement.converters.ComplexActionConverter'>, TypeError('super(type, obj): obj must be an instance or subtype of type'))
[2019-10-03 11:58:37] [ERROR] red: ConversionError
Traceback (most recent call last):
  File "/usr/local/lib/python3.7/dist-packages/discord/ext/commands/core.py", line 354, in _actual_conversion
    ret = await instance.convert(ctx, argument)
  File "/root/.local/share/Red-DiscordBot/cogs/CogManager/cogs/rolemanagement/converters.py", line 125, in convert
    for r in vals[attr]
  File "/root/.local/share/Red-DiscordBot/cogs/CogManager/cogs/rolemanagement/converters.py", line 125, in <listcomp>
    for r in vals[attr]
TypeError: super(type, obj): obj must be an instance or subtype of type

The above exception was the direct cause of the following exception:

Traceback (most recent call last):
  File "/usr/local/lib/python3.7/dist-packages/discord/ext/commands/bot.py", line 863, in invoke
    await ctx.command.invoke(ctx)
  File "/root/.local/lib/python3.7/site-packages/redbot/core/commands/commands.py", line 570, in invoke
    await super().invoke(ctx)
  File "/usr/local/lib/python3.7/dist-packages/discord/ext/commands/core.py", line 1158, in invoke
    await ctx.invoked_subcommand.invoke(ctx)
  File "/usr/local/lib/python3.7/dist-packages/discord/ext/commands/core.py", line 721, in invoke
    await self.prepare(ctx)
  File "/usr/local/lib/python3.7/dist-packages/discord/ext/commands/core.py", line 685, in prepare
    await self._parse_arguments(ctx)
  File "/usr/local/lib/python3.7/dist-packages/discord/ext/commands/core.py", line 608, in _parse_arguments
    kwargs[name] = await self.transform(ctx, param)
  File "/usr/local/lib/python3.7/dist-packages/discord/ext/commands/core.py", line 455, in transform
    return await self.do_conversion(ctx, converter, argument, param)
  File "/root/.local/lib/python3.7/site-packages/redbot/core/commands/commands.py", line 295, in do_conversion
    return await super().do_conversion(ctx, converter, argument, param)
  File "/usr/local/lib/python3.7/dist-packages/discord/ext/commands/core.py", line 408, in do_conversion
    return await self._actual_conversion(ctx, converter, argument, param)
  File "/usr/local/lib/python3.7/dist-packages/discord/ext/commands/core.py", line 367, in _actual_conversion
    raise ConversionError(converter, exc) from exc
discord.ext.commands.errors.ConversionError: (<class 'rolemanagement.converters.ComplexActionConverter'>, TypeError('super(type, obj): obj must be an instance or subtype of type'))
[2019-10-03 11:59:29] [ERROR] red: ConversionError
Traceback (most recent call last):
  File "/usr/local/lib/python3.7/dist-packages/discord/ext/commands/core.py", line 354, in _actual_conversion
    ret = await instance.convert(ctx, argument)
  File "/root/.local/share/Red-DiscordBot/cogs/CogManager/cogs/rolemanagement/converters.py", line 125, in convert
    for r in vals[attr]
  File "/root/.local/share/Red-DiscordBot/cogs/CogManager/cogs/rolemanagement/converters.py", line 125, in <listcomp>
    for r in vals[attr]
TypeError: super(type, obj): obj must be an instance or subtype of type

The above exception was the direct cause of the following exception:

Traceback (most recent call last):
  File "/usr/local/lib/python3.7/dist-packages/discord/ext/commands/bot.py", line 863, in invoke
    await ctx.command.invoke(ctx)
  File "/root/.local/lib/python3.7/site-packages/redbot/core/commands/commands.py", line 570, in invoke
    await super().invoke(ctx)
  File "/usr/local/lib/python3.7/dist-packages/discord/ext/commands/core.py", line 1158, in invoke
    await ctx.invoked_subcommand.invoke(ctx)
  File "/usr/local/lib/python3.7/dist-packages/discord/ext/commands/core.py", line 721, in invoke
    await self.prepare(ctx)
  File "/usr/local/lib/python3.7/dist-packages/discord/ext/commands/core.py", line 685, in prepare
    await self._parse_arguments(ctx)
  File "/usr/local/lib/python3.7/dist-packages/discord/ext/commands/core.py", line 608, in _parse_arguments
    kwargs[name] = await self.transform(ctx, param)
  File "/usr/local/lib/python3.7/dist-packages/discord/ext/commands/core.py", line 455, in transform
    return await self.do_conversion(ctx, converter, argument, param)
  File "/root/.local/lib/python3.7/site-packages/redbot/core/commands/commands.py", line 295, in do_conversion
    return await super().do_conversion(ctx, converter, argument, param)
  File "/usr/local/lib/python3.7/dist-packages/discord/ext/commands/core.py", line 408, in do_conversion
    return await self._actual_conversion(ctx, converter, argument, param)
  File "/usr/local/lib/python3.7/dist-packages/discord/ext/commands/core.py", line 367, in _actual_conversion
    raise ConversionError(converter, exc) from exc
discord.ext.commands.errors.ConversionError: (<class 'rolemanagement.converters.ComplexActionConverter'>, TypeError('super(type, obj): obj must be an instance or subtype of type'))
[2019-10-03 12:02:53] [ERROR] red: ConversionError
Traceback (most recent call last):
  File "/usr/local/lib/python3.7/dist-packages/discord/ext/commands/core.py", line 354, in _actual_conversion
    ret = await instance.convert(ctx, argument)
  File "/root/.local/share/Red-DiscordBot/cogs/CogManager/cogs/rolemanagement/converters.py", line 125, in convert
    for r in vals[attr]
  File "/root/.local/share/Red-DiscordBot/cogs/CogManager/cogs/rolemanagement/converters.py", line 125, in <listcomp>
    for r in vals[attr]
TypeError: super(type, obj): obj must be an instance or subtype of type

The above exception was the direct cause of the following exception:

Traceback (most recent call last):
  File "/usr/local/lib/python3.7/dist-packages/discord/ext/commands/bot.py", line 863, in invoke
    await ctx.command.invoke(ctx)
  File "/root/.local/lib/python3.7/site-packages/redbot/core/commands/commands.py", line 570, in invoke
    await super().invoke(ctx)
  File "/usr/local/lib/python3.7/dist-packages/discord/ext/commands/core.py", line 1158, in invoke
    await ctx.invoked_subcommand.invoke(ctx)
  File "/usr/local/lib/python3.7/dist-packages/discord/ext/commands/core.py", line 721, in invoke
    await self.prepare(ctx)
  File "/usr/local/lib/python3.7/dist-packages/discord/ext/commands/core.py", line 685, in prepare
    await self._parse_arguments(ctx)
  File "/usr/local/lib/python3.7/dist-packages/discord/ext/commands/core.py", line 608, in _parse_arguments
    kwargs[name] = await self.transform(ctx, param)
  File "/usr/local/lib/python3.7/dist-packages/discord/ext/commands/core.py", line 455, in transform
    return await self.do_conversion(ctx, converter, argument, param)
  File "/root/.local/lib/python3.7/site-packages/redbot/core/commands/commands.py", line 295, in do_conversion
    return await super().do_conversion(ctx, converter, argument, param)
  File "/usr/local/lib/python3.7/dist-packages/discord/ext/commands/core.py", line 408, in do_conversion
    return await self._actual_conversion(ctx, converter, argument, param)
  File "/usr/local/lib/python3.7/dist-packages/discord/ext/commands/core.py", line 367, in _actual_conversion
    raise ConversionError(converter, exc) from exc
discord.ext.commands.errors.ConversionError: (<class 'rolemanagement.converters.ComplexActionConverter'>, TypeError('super(type, obj): obj must be an instance or subtype of type'))
[2019-10-03 12:06:44] [ERROR] red: ConversionError
Traceback (most recent call last):
  File "/usr/local/lib/python3.7/dist-packages/discord/ext/commands/core.py", line 354, in _actual_conversion
    ret = await instance.convert(ctx, argument)
  File "/root/.local/share/Red-DiscordBot/cogs/CogManager/cogs/rolemanagement/converters.py", line 125, in convert
    for r in vals[attr]
  File "/root/.local/share/Red-DiscordBot/cogs/CogManager/cogs/rolemanagement/converters.py", line 125, in <listcomp>
    for r in vals[attr]
TypeError: super(type, obj): obj must be an instance or subtype of type

The above exception was the direct cause of the following exception:

Traceback (most recent call last):
  File "/usr/local/lib/python3.7/dist-packages/discord/ext/commands/bot.py", line 863, in invoke
    await ctx.command.invoke(ctx)
  File "/root/.local/lib/python3.7/site-packages/redbot/core/commands/commands.py", line 570, in invoke
    await super().invoke(ctx)
  File "/usr/local/lib/python3.7/dist-packages/discord/ext/commands/core.py", line 1158, in invoke
    await ctx.invoked_subcommand.invoke(ctx)
  File "/usr/local/lib/python3.7/dist-packages/discord/ext/commands/core.py", line 721, in invoke
    await self.prepare(ctx)
  File "/usr/local/lib/python3.7/dist-packages/discord/ext/commands/core.py", line 685, in prepare
    await self._parse_arguments(ctx)
  File "/usr/local/lib/python3.7/dist-packages/discord/ext/commands/core.py", line 608, in _parse_arguments
    kwargs[name] = await self.transform(ctx, param)
  File "/usr/local/lib/python3.7/dist-packages/discord/ext/commands/core.py", line 455, in transform
    return await self.do_conversion(ctx, converter, argument, param)
  File "/root/.local/lib/python3.7/site-packages/redbot/core/commands/commands.py", line 295, in do_conversion
    return await super().do_conversion(ctx, converter, argument, param)
  File "/usr/local/lib/python3.7/dist-packages/discord/ext/commands/core.py", line 408, in do_conversion
    return await self._actual_conversion(ctx, converter, argument, param)
  File "/usr/local/lib/python3.7/dist-packages/discord/ext/commands/core.py", line 367, in _actual_conversion
    raise ConversionError(converter, exc) from exc
discord.ext.commands.errors.ConversionError: (<class 'rolemanagement.converters.ComplexActionConverter'>, TypeError('super(type, obj): obj must be an instance or subtype of type'))
[2019-10-03 12:06:51] [INFO] red.cleanup: Skylarr(474104220770107392) deleted 15 messages in channel general•chat.
[2019-10-03 12:47:36] [ERROR] red.adventure: Something went wrong controlling the game
Traceback (most recent call last):
  File "/root/.local/share/Red-DiscordBot/cogs/CogManager/cogs/adventure/adventure.py", line 2778, in _adventure
    reward, participants = await self._simple(ctx, adventure_msg, challenge)
  File "/root/.local/share/Red-DiscordBot/cogs/CogManager/cogs/adventure/adventure.py", line 2857, in _simple
    await self._choice(ctx, adventure_msg)
  File "/root/.local/share/Red-DiscordBot/cogs/CogManager/cogs/adventure/adventure.py", line 2933, in _choice
    return await self._result(ctx, adventure_msg)
  File "/root/.local/share/Red-DiscordBot/cogs/CogManager/cogs/adventure/adventure.py", line 3133, in _result
    ctx.guild.id, fumblelist, critlist, attack, magic, challenge
  File "/root/.local/share/Red-DiscordBot/cogs/CogManager/cogs/adventure/adventure.py", line 3722, in handle_fight
    magic += int((roll + base_bonus + crit_bonus + int_value) / mdef)
ZeroDivisionError: division by zero
[2019-10-03 13:26:39] [ERROR] red.adventure: Something went wrong controlling the game
Traceback (most recent call last):
  File "/root/.local/share/Red-DiscordBot/cogs/CogManager/cogs/adventure/adventure.py", line 2778, in _adventure
    reward, participants = await self._simple(ctx, adventure_msg, challenge)
  File "/root/.local/share/Red-DiscordBot/cogs/CogManager/cogs/adventure/adventure.py", line 2857, in _simple
    await self._choice(ctx, adventure_msg)
  File "/root/.local/share/Red-DiscordBot/cogs/CogManager/cogs/adventure/adventure.py", line 2933, in _choice
    return await self._result(ctx, adventure_msg)
  File "/root/.local/share/Red-DiscordBot/cogs/CogManager/cogs/adventure/adventure.py", line 3133, in _result
    ctx.guild.id, fumblelist, critlist, attack, magic, challenge
  File "/root/.local/share/Red-DiscordBot/cogs/CogManager/cogs/adventure/adventure.py", line 3722, in handle_fight
    magic += int((roll + base_bonus + crit_bonus + int_value) / mdef)
ZeroDivisionError: division by zero
[2019-10-03 13:27:40] [INFO] red.cleanup: kungfuartist(462416556853559306) deleted 3 messages in channel announcements.
[2019-10-04 01:13:06] [INFO] red.cleanup: Skylarr(474104220770107392) deleted 200 messages in channel self-roles.
[2019-10-04 01:13:22] [INFO] red.cleanup: Skylarr(474104220770107392) deleted 1000 messages in channel self-roles.
[2019-10-04 01:35:39] [INFO] red.cleanup: kungfuartist(462416556853559306) deleted 100000 messages in channel chillers-lounge.
[2019-10-04 02:19:02] [ERROR] red: Exception in command 'cleanup messages'
Traceback (most recent call last):
  File "/usr/local/lib/python3.7/dist-packages/discord/ext/commands/core.py", line 79, in wrapped
    ret = await coro(*args, **kwargs)
  File "/root/.local/lib/python3.7/site-packages/redbot/cogs/cleanup/cleanup.py", line 356, in messages
    await mass_purge(to_delete, channel)
  File "/root/.local/lib/python3.7/site-packages/redbot/core/utils/mod.py", line 42, in mass_purge
    await channel.delete_messages(messages[:100])
  File "/usr/local/lib/python3.7/dist-packages/discord/channel.py", line 287, in delete_messages
    await self._state.http.delete_messages(self.id, message_ids)
  File "/usr/local/lib/python3.7/dist-packages/discord/http.py", line 222, in request
    raise HTTPException(r, data)
discord.errors.HTTPException: 400 BAD REQUEST (error code: 50034): You can only bulk delete messages that are under 14 days old.
[2019-10-04 10:42:08] [INFO] red.cleanup: Skylarr(474104220770107392) deleted 20 messages in channel ☆☆𝙍𝙪𝙡𝙚𝙨☆☆.
[2019-10-04 11:35:00] [INFO] red.cleanup: Skylarr(474104220770107392) deleted 3 messages in channel ☆☆𝙍𝙪𝙡𝙚𝙨☆☆.
[2019-10-04 15:50:04] [ERROR] red.adventure: Something went wrong controlling the game
Traceback (most recent call last):
  File "/root/.local/share/Red-DiscordBot/cogs/CogManager/cogs/adventure/adventure.py", line 2778, in _adventure
    reward, participants = await self._simple(ctx, adventure_msg, challenge)
  File "/root/.local/share/Red-DiscordBot/cogs/CogManager/cogs/adventure/adventure.py", line 2857, in _simple
    await self._choice(ctx, adventure_msg)
  File "/root/.local/share/Red-DiscordBot/cogs/CogManager/cogs/adventure/adventure.py", line 2933, in _choice
    return await self._result(ctx, adventure_msg)
  File "/root/.local/share/Red-DiscordBot/cogs/CogManager/cogs/adventure/adventure.py", line 3133, in _result
    ctx.guild.id, fumblelist, critlist, attack, magic, challenge
  File "/root/.local/share/Red-DiscordBot/cogs/CogManager/cogs/adventure/adventure.py", line 3722, in handle_fight
    magic += int((roll + base_bonus + crit_bonus + int_value) / mdef)
ZeroDivisionError: division by zero
[2019-10-04 16:44:40] [ERROR] red.adventure: Something went wrong controlling the game
Traceback (most recent call last):
  File "/root/.local/share/Red-DiscordBot/cogs/CogManager/cogs/adventure/adventure.py", line 2778, in _adventure
    reward, participants = await self._simple(ctx, adventure_msg, challenge)
  File "/root/.local/share/Red-DiscordBot/cogs/CogManager/cogs/adventure/adventure.py", line 2857, in _simple
    await self._choice(ctx, adventure_msg)
  File "/root/.local/share/Red-DiscordBot/cogs/CogManager/cogs/adventure/adventure.py", line 2933, in _choice
    return await self._result(ctx, adventure_msg)
  File "/root/.local/share/Red-DiscordBot/cogs/CogManager/cogs/adventure/adventure.py", line 3133, in _result
    ctx.guild.id, fumblelist, critlist, attack, magic, challenge
  File "/root/.local/share/Red-DiscordBot/cogs/CogManager/cogs/adventure/adventure.py", line 3722, in handle_fight
    magic += int((roll + base_bonus + crit_bonus + int_value) / mdef)
ZeroDivisionError: division by zero
[2019-10-04 16:47:04] [INFO] red.cleanup: Skylarr(474104220770107392) deleted 25 messages in channel skygasm.
[2019-10-04 17:03:23] [ERROR] red: Package loading failed
Traceback (most recent call last):
  File "/usr/local/lib/python3.7/dist-packages/discord/ext/commands/cog.py", line 374, in _inject
    bot.add_command(command)
  File "/root/.local/lib/python3.7/site-packages/redbot/core/bot.py", line 450, in add_command
    super().add_command(command)
  File "/usr/local/lib/python3.7/dist-packages/discord/ext/commands/core.py", line 1000, in add_command
    raise discord.ClientException('The alias {} is already an existing command or alias.'.format(alias))
discord.errors.ClientException: The alias emojiinfo is already an existing command or alias.

During handling of the above exception, another exception occurred:

Traceback (most recent call last):
  File "/root/.local/lib/python3.7/site-packages/redbot/core/bot.py", line 302, in load_extension
    lib.setup(self)
  File "/root/.local/share/Red-DiscordBot/cogs/CogManager/cogs/datautils/__init__.py", line 5, in setup
    bot.add_cog(DataUtils(bot))
  File "/root/.local/lib/python3.7/site-packages/redbot/core/bot.py", line 429, in add_cog
    super().add_cog(cog)
  File "/usr/local/lib/python3.7/dist-packages/discord/ext/commands/bot.py", line 482, in add_cog
    cog = cog._inject(self)
  File "/usr/local/lib/python3.7/dist-packages/discord/ext/commands/cog.py", line 378, in _inject
    bot.remove_command(to_undo)
  File "/root/.local/lib/python3.7/site-packages/redbot/core/bot.py", line 464, in remove_command
    command.requires.reset()
AttributeError: 'NoneType' object has no attribute 'requires'

During handling of the above exception, another exception occurred:

Traceback (most recent call last):
  File "/root/.local/lib/python3.7/site-packages/redbot/core/core_commands.py", line 106, in _load
    await bot.load_extension(spec)
  File "/root/.local/lib/python3.7/site-packages/redbot/core/bot.py", line 304, in load_extension
    self._remove_module_references(lib.__name__)
  File "/usr/local/lib/python3.7/dist-packages/discord/ext/commands/bot.py", line 541, in _remove_module_references
    self.remove_command(cmd.name)
  File "/root/.local/lib/python3.7/site-packages/redbot/core/bot.py", line 464, in remove_command
    command.requires.reset()
AttributeError: 'NoneType' object has no attribute 'requires'
[2019-10-04 17:04:14] [ERROR] red: Package loading failed
Traceback (most recent call last):
  File "/usr/local/lib/python3.7/dist-packages/discord/ext/commands/cog.py", line 374, in _inject
    bot.add_command(command)
  File "/root/.local/lib/python3.7/site-packages/redbot/core/bot.py", line 450, in add_command
    super().add_command(command)
  File "/usr/local/lib/python3.7/dist-packages/discord/ext/commands/core.py", line 995, in add_command
    raise discord.ClientException('Command {0.name} is already registered.'.format(command))
discord.errors.ClientException: Command sinfo is already registered.

During handling of the above exception, another exception occurred:

Traceback (most recent call last):
  File "/root/.local/lib/python3.7/site-packages/redbot/core/bot.py", line 302, in load_extension
    lib.setup(self)
  File "/root/.local/share/Red-DiscordBot/cogs/CogManager/cogs/datautils/__init__.py", line 5, in setup
    bot.add_cog(DataUtils(bot))
  File "/root/.local/lib/python3.7/site-packages/redbot/core/bot.py", line 429, in add_cog
    super().add_cog(cog)
  File "/usr/local/lib/python3.7/dist-packages/discord/ext/commands/bot.py", line 482, in add_cog
    cog = cog._inject(self)
  File "/usr/local/lib/python3.7/dist-packages/discord/ext/commands/cog.py", line 378, in _inject
    bot.remove_command(to_undo)
  File "/root/.local/lib/python3.7/site-packages/redbot/core/bot.py", line 464, in remove_command
    command.requires.reset()
AttributeError: 'NoneType' object has no attribute 'requires'

During handling of the above exception, another exception occurred:

Traceback (most recent call last):
  File "/root/.local/lib/python3.7/site-packages/redbot/core/core_commands.py", line 106, in _load
    await bot.load_extension(spec)
  File "/root/.local/lib/python3.7/site-packages/redbot/core/bot.py", line 304, in load_extension
    self._remove_module_references(lib.__name__)
  File "/usr/local/lib/python3.7/dist-packages/discord/ext/commands/bot.py", line 541, in _remove_module_references
    self.remove_command(cmd.name)
  File "/root/.local/lib/python3.7/site-packages/redbot/core/bot.py", line 464, in remove_command
    command.requires.reset()
AttributeError: 'NoneType' object has no attribute 'requires'
[2019-10-05 01:18:12] [ERROR] red.adventure: Error with the countdown timer
Traceback (most recent call last):
  File "/root/.local/share/Red-DiscordBot/cogs/CogManager/cogs/adventure/adventure.py", line 2927, in _choice
    await asyncio.wait_for(timer, timeout=timeout + 5)
  File "/usr/lib/python3.7/asyncio/tasks.py", line 416, in wait_for
    return fut.result()
concurrent.futures._base.CancelledError
[2019-10-05 01:18:40] [ERROR] red.adventure: Error with the countdown timer
Traceback (most recent call last):
  File "/root/.local/share/Red-DiscordBot/cogs/CogManager/cogs/adventure/adventure.py", line 2927, in _choice
    await asyncio.wait_for(timer, timeout=timeout + 5)
  File "/usr/lib/python3.7/asyncio/tasks.py", line 416, in wait_for
    return fut.result()
concurrent.futures._base.CancelledError
[2019-10-05 16:00:52] [INFO] red.cleanup: Skylarr(474104220770107392) deleted 4 messages in channel tournament-chat.
[2019-10-05 16:04:17] [INFO] red.cleanup: Skylarr(474104220770107392) deleted 4 messages  made by Skylarr#6666(474104220770107392) in channel tournament-chat.
[2019-10-05 16:04:37] [INFO] red.cleanup: Skylarr(474104220770107392) deleted 6 messages  made by Bust o' Nut#8594(347588059539177482) in channel tournament-chat.
[2019-10-05 16:45:56] [ERROR] red.adventure: Error with the countdown timer
Traceback (most recent call last):
  File "/root/.local/share/Red-DiscordBot/cogs/CogManager/cogs/adventure/adventure.py", line 2927, in _choice
    await asyncio.wait_for(timer, timeout=timeout + 5)
  File "/usr/lib/python3.7/asyncio/tasks.py", line 416, in wait_for
    return fut.result()
concurrent.futures._base.CancelledError
[2019-10-05 16:46:59] [ERROR] red.adventure: Error with the countdown timer
Traceback (most recent call last):
  File "/root/.local/share/Red-DiscordBot/cogs/CogManager/cogs/adventure/adventure.py", line 2927, in _choice
    await asyncio.wait_for(timer, timeout=timeout + 5)
  File "/usr/lib/python3.7/asyncio/tasks.py", line 416, in wait_for
    return fut.result()
concurrent.futures._base.CancelledError
[2019-10-05 16:53:39] [ERROR] red.adventure: Error with the countdown timer
Traceback (most recent call last):
  File "/root/.local/share/Red-DiscordBot/cogs/CogManager/cogs/adventure/adventure.py", line 2927, in _choice
    await asyncio.wait_for(timer, timeout=timeout + 5)
  File "/usr/lib/python3.7/asyncio/tasks.py", line 416, in wait_for
    return fut.result()
concurrent.futures._base.CancelledError
[2019-10-05 16:58:29] [ERROR] red.adventure: Error with the countdown timer
Traceback (most recent call last):
  File "/root/.local/share/Red-DiscordBot/cogs/CogManager/cogs/adventure/adventure.py", line 2927, in _choice
    await asyncio.wait_for(timer, timeout=timeout + 5)
  File "/usr/lib/python3.7/asyncio/tasks.py", line 416, in wait_for
    return fut.result()
concurrent.futures._base.CancelledError
[2019-10-05 17:02:37] [ERROR] red.adventure: Error with the countdown timer
Traceback (most recent call last):
  File "/root/.local/share/Red-DiscordBot/cogs/CogManager/cogs/adventure/adventure.py", line 2927, in _choice
    await asyncio.wait_for(timer, timeout=timeout + 5)
  File "/usr/lib/python3.7/asyncio/tasks.py", line 416, in wait_for
    return fut.result()
concurrent.futures._base.CancelledError
[2019-10-05 17:04:32] [ERROR] red.adventure: Error with the countdown timer
Traceback (most recent call last):
  File "/root/.local/share/Red-DiscordBot/cogs/CogManager/cogs/adventure/adventure.py", line 2927, in _choice
    await asyncio.wait_for(timer, timeout=timeout + 5)
  File "/usr/lib/python3.7/asyncio/tasks.py", line 416, in wait_for
    return fut.result()
concurrent.futures._base.CancelledError
[2019-10-05 17:09:11] [ERROR] red.adventure: Error with the countdown timer
Traceback (most recent call last):
  File "/root/.local/share/Red-DiscordBot/cogs/CogManager/cogs/adventure/adventure.py", line 2927, in _choice
    await asyncio.wait_for(timer, timeout=timeout + 5)
  File "/usr/lib/python3.7/asyncio/tasks.py", line 416, in wait_for
    return fut.result()
concurrent.futures._base.CancelledError
[2019-10-05 17:19:33] [ERROR] red.adventure: Error with the countdown timer
Traceback (most recent call last):
  File "/root/.local/share/Red-DiscordBot/cogs/CogManager/cogs/adventure/adventure.py", line 2927, in _choice
    await asyncio.wait_for(timer, timeout=timeout + 5)
  File "/usr/lib/python3.7/asyncio/tasks.py", line 416, in wait_for
    return fut.result()
concurrent.futures._base.CancelledError
[2019-10-05 17:22:13] [ERROR] red.adventure: Something went wrong controlling the game
Traceback (most recent call last):
  File "/root/.local/share/Red-DiscordBot/cogs/CogManager/cogs/adventure/adventure.py", line 2778, in _adventure
    reward, participants = await self._simple(ctx, adventure_msg, challenge)
  File "/root/.local/share/Red-DiscordBot/cogs/CogManager/cogs/adventure/adventure.py", line 2857, in _simple
    await self._choice(ctx, adventure_msg)
  File "/root/.local/share/Red-DiscordBot/cogs/CogManager/cogs/adventure/adventure.py", line 2898, in _choice
    adventure_msg = await ctx.send(embed=embed)
  File "/root/.local/lib/python3.7/site-packages/redbot/core/commands/context.py", line 64, in send
    return await super().send(content=content, **kwargs)
  File "/usr/local/lib/python3.7/dist-packages/discord/abc.py", line 823, in send
    data = await state.http.send_message(channel.id, content, tts=tts, embed=embed, nonce=nonce)
  File "/usr/local/lib/python3.7/dist-packages/discord/http.py", line 222, in request
    raise HTTPException(r, data)
discord.errors.HTTPException: 400 BAD REQUEST (error code: 50035): Invalid Form Body
In embed.image.url: Not a well formed URL.
[2019-10-05 17:22:33] [ERROR] red.adventure: Something went wrong controlling the game
Traceback (most recent call last):
  File "/root/.local/share/Red-DiscordBot/cogs/CogManager/cogs/adventure/adventure.py", line 2778, in _adventure
    reward, participants = await self._simple(ctx, adventure_msg, challenge)
  File "/root/.local/share/Red-DiscordBot/cogs/CogManager/cogs/adventure/adventure.py", line 2857, in _simple
    await self._choice(ctx, adventure_msg)
  File "/root/.local/share/Red-DiscordBot/cogs/CogManager/cogs/adventure/adventure.py", line 2898, in _choice
    adventure_msg = await ctx.send(embed=embed)
  File "/root/.local/lib/python3.7/site-packages/redbot/core/commands/context.py", line 64, in send
    return await super().send(content=content, **kwargs)
  File "/usr/local/lib/python3.7/dist-packages/discord/abc.py", line 823, in send
    data = await state.http.send_message(channel.id, content, tts=tts, embed=embed, nonce=nonce)
  File "/usr/local/lib/python3.7/dist-packages/discord/http.py", line 222, in request
    raise HTTPException(r, data)
discord.errors.HTTPException: 400 BAD REQUEST (error code: 50035): Invalid Form Body
In embed.image.url: Not a well formed URL.
[2019-10-05 17:22:49] [ERROR] red.adventure: Error with the countdown timer
Traceback (most recent call last):
  File "/root/.local/share/Red-DiscordBot/cogs/CogManager/cogs/adventure/adventure.py", line 2927, in _choice
    await asyncio.wait_for(timer, timeout=timeout + 5)
  File "/usr/lib/python3.7/asyncio/tasks.py", line 416, in wait_for
    return fut.result()
concurrent.futures._base.CancelledError
[2019-10-05 17:22:52] [ERROR] red.adventure: Something went wrong controlling the game
Traceback (most recent call last):
  File "/root/.local/share/Red-DiscordBot/cogs/CogManager/cogs/adventure/adventure.py", line 2778, in _adventure
    reward, participants = await self._simple(ctx, adventure_msg, challenge)
  File "/root/.local/share/Red-DiscordBot/cogs/CogManager/cogs/adventure/adventure.py", line 2857, in _simple
    await self._choice(ctx, adventure_msg)
  File "/root/.local/share/Red-DiscordBot/cogs/CogManager/cogs/adventure/adventure.py", line 2898, in _choice
    adventure_msg = await ctx.send(embed=embed)
  File "/root/.local/lib/python3.7/site-packages/redbot/core/commands/context.py", line 64, in send
    return await super().send(content=content, **kwargs)
  File "/usr/local/lib/python3.7/dist-packages/discord/abc.py", line 823, in send
    data = await state.http.send_message(channel.id, content, tts=tts, embed=embed, nonce=nonce)
  File "/usr/local/lib/python3.7/dist-packages/discord/http.py", line 222, in request
    raise HTTPException(r, data)
discord.errors.HTTPException: 400 BAD REQUEST (error code: 50035): Invalid Form Body
In embed.image.url: Not a well formed URL.
[2019-10-05 17:25:17] [ERROR] red.adventure: Error with the countdown timer
Traceback (most recent call last):
  File "/root/.local/share/Red-DiscordBot/cogs/CogManager/cogs/adventure/adventure.py", line 2927, in _choice
    await asyncio.wait_for(timer, timeout=timeout + 5)
  File "/usr/lib/python3.7/asyncio/tasks.py", line 416, in wait_for
    return fut.result()
concurrent.futures._base.CancelledError
[2019-10-05 17:25:32] [ERROR] red.adventure: Error with the countdown timer
Traceback (most recent call last):
  File "/root/.local/share/Red-DiscordBot/cogs/CogManager/cogs/adventure/adventure.py", line 2927, in _choice
    await asyncio.wait_for(timer, timeout=timeout + 5)
  File "/usr/lib/python3.7/asyncio/tasks.py", line 416, in wait_for
    return fut.result()
concurrent.futures._base.CancelledError
[2019-10-05 17:25:55] [ERROR] red.adventure: Error with the countdown timer
Traceback (most recent call last):
  File "/root/.local/share/Red-DiscordBot/cogs/CogManager/cogs/adventure/adventure.py", line 2927, in _choice
    await asyncio.wait_for(timer, timeout=timeout + 5)
  File "/usr/lib/python3.7/asyncio/tasks.py", line 416, in wait_for
    return fut.result()
concurrent.futures._base.CancelledError
[2019-10-05 17:27:12] [ERROR] red.adventure: Error with the countdown timer
Traceback (most recent call last):
  File "/root/.local/share/Red-DiscordBot/cogs/CogManager/cogs/adventure/adventure.py", line 2927, in _choice
    await asyncio.wait_for(timer, timeout=timeout + 5)
  File "/usr/lib/python3.7/asyncio/tasks.py", line 416, in wait_for
    return fut.result()
concurrent.futures._base.CancelledError
[2019-10-05 17:27:17] [ERROR] red.adventure: Something went wrong controlling the game
Traceback (most recent call last):
  File "/root/.local/share/Red-DiscordBot/cogs/CogManager/cogs/adventure/adventure.py", line 2778, in _adventure
    reward, participants = await self._simple(ctx, adventure_msg, challenge)
  File "/root/.local/share/Red-DiscordBot/cogs/CogManager/cogs/adventure/adventure.py", line 2857, in _simple
    await self._choice(ctx, adventure_msg)
  File "/root/.local/share/Red-DiscordBot/cogs/CogManager/cogs/adventure/adventure.py", line 2898, in _choice
    adventure_msg = await ctx.send(embed=embed)
  File "/root/.local/lib/python3.7/site-packages/redbot/core/commands/context.py", line 64, in send
    return await super().send(content=content, **kwargs)
  File "/usr/local/lib/python3.7/dist-packages/discord/abc.py", line 823, in send
    data = await state.http.send_message(channel.id, content, tts=tts, embed=embed, nonce=nonce)
  File "/usr/local/lib/python3.7/dist-packages/discord/http.py", line 222, in request
    raise HTTPException(r, data)
discord.errors.HTTPException: 400 BAD REQUEST (error code: 50035): Invalid Form Body
In embed.image.url: Not a well formed URL.
[2019-10-05 17:31:28] [ERROR] red.adventure: Error with the countdown timer
Traceback (most recent call last):
  File "/root/.local/share/Red-DiscordBot/cogs/CogManager/cogs/adventure/adventure.py", line 2927, in _choice
    await asyncio.wait_for(timer, timeout=timeout + 5)
  File "/usr/lib/python3.7/asyncio/tasks.py", line 416, in wait_for
    return fut.result()
concurrent.futures._base.CancelledError
[2019-10-05 17:38:59] [ERROR] red.adventure: Error with the countdown timer
Traceback (most recent call last):
  File "/root/.local/share/Red-DiscordBot/cogs/CogManager/cogs/adventure/adventure.py", line 2927, in _choice
    await asyncio.wait_for(timer, timeout=timeout + 5)
  File "/usr/lib/python3.7/asyncio/tasks.py", line 416, in wait_for
    return fut.result()
concurrent.futures._base.CancelledError
[2019-10-05 17:39:04] [ERROR] red.adventure: Something went wrong controlling the game
Traceback (most recent call last):
  File "/root/.local/share/Red-DiscordBot/cogs/CogManager/cogs/adventure/adventure.py", line 2778, in _adventure
    reward, participants = await self._simple(ctx, adventure_msg, challenge)
  File "/root/.local/share/Red-DiscordBot/cogs/CogManager/cogs/adventure/adventure.py", line 2857, in _simple
    await self._choice(ctx, adventure_msg)
  File "/root/.local/share/Red-DiscordBot/cogs/CogManager/cogs/adventure/adventure.py", line 2898, in _choice
    adventure_msg = await ctx.send(embed=embed)
  File "/root/.local/lib/python3.7/site-packages/redbot/core/commands/context.py", line 64, in send
    return await super().send(content=content, **kwargs)
  File "/usr/local/lib/python3.7/dist-packages/discord/abc.py", line 823, in send
    data = await state.http.send_message(channel.id, content, tts=tts, embed=embed, nonce=nonce)
  File "/usr/local/lib/python3.7/dist-packages/discord/http.py", line 222, in request
    raise HTTPException(r, data)
discord.errors.HTTPException: 400 BAD REQUEST (error code: 50035): Invalid Form Body
In embed.image.url: Not a well formed URL.
[2019-10-05 17:46:58] [ERROR] red.adventure: Error with the countdown timer
Traceback (most recent call last):
  File "/root/.local/share/Red-DiscordBot/cogs/CogManager/cogs/adventure/adventure.py", line 2927, in _choice
    await asyncio.wait_for(timer, timeout=timeout + 5)
  File "/usr/lib/python3.7/asyncio/tasks.py", line 416, in wait_for
    return fut.result()
concurrent.futures._base.CancelledError
[2019-10-05 19:19:10] [ERROR] red.adventure: Something went wrong controlling the game
Traceback (most recent call last):
  File "/root/.local/share/Red-DiscordBot/cogs/CogManager/cogs/adventure/adventure.py", line 2778, in _adventure
    reward, participants = await self._simple(ctx, adventure_msg, challenge)
  File "/root/.local/share/Red-DiscordBot/cogs/CogManager/cogs/adventure/adventure.py", line 2857, in _simple
    await self._choice(ctx, adventure_msg)
  File "/root/.local/share/Red-DiscordBot/cogs/CogManager/cogs/adventure/adventure.py", line 2933, in _choice
    return await self._result(ctx, adventure_msg)
  File "/root/.local/share/Red-DiscordBot/cogs/CogManager/cogs/adventure/adventure.py", line 3133, in _result
    ctx.guild.id, fumblelist, critlist, attack, magic, challenge
  File "/root/.local/share/Red-DiscordBot/cogs/CogManager/cogs/adventure/adventure.py", line 3678, in handle_fight
    attack += int((roll + att_value) / pdef)
ZeroDivisionError: division by zero
[2019-10-06 06:59:56] [INFO] red.cleanup: Serdar(304702698580738048) deleted 10 messages in channel general•chat.
[2019-10-06 07:12:13] [INFO] red.cleanup: Serdar(304702698580738048) deleted 10 messages in channel general•chat.
[2019-10-06 12:44:27] [ERROR] red: Exception in command 'raffle start'
Traceback (most recent call last):
  File "/usr/local/lib/python3.7/dist-packages/discord/ext/commands/core.py", line 79, in wrapped
    ret = await coro(*args, **kwargs)
  File "/root/.local/share/Red-DiscordBot/cogs/CogManager/cogs/raffle/raffle.py", line 75, in start
    description, winners, dos, roles = await self.raffle_setup(ctx)
  File "/root/.local/share/Red-DiscordBot/cogs/CogManager/cogs/raffle/raffle.py", line 303, in raffle_setup
    description = await self._get_response(ctx, q1, predicate1)
  File "/root/.local/share/Red-DiscordBot/cogs/CogManager/cogs/raffle/raffle.py", line 234, in _get_response
    question = await ctx.send(question)
  File "/root/.local/lib/python3.7/site-packages/redbot/core/commands/context.py", line 64, in send
    return await super().send(content=content, **kwargs)
  File "/usr/local/lib/python3.7/dist-packages/discord/abc.py", line 823, in send
    data = await state.http.send_message(channel.id, content, tts=tts, embed=embed, nonce=nonce)
  File "/usr/local/lib/python3.7/dist-packages/discord/http.py", line 218, in request
    raise Forbidden(r, data)
discord.errors.Forbidden: 403 FORBIDDEN (error code: 50013): Missing Permissions
[2019-10-06 13:04:32] [ERROR] red: Exception in command 'raffle start'
Traceback (most recent call last):
  File "/usr/local/lib/python3.7/dist-packages/discord/ext/commands/core.py", line 79, in wrapped
    ret = await coro(*args, **kwargs)
  File "/root/.local/share/Red-DiscordBot/cogs/CogManager/cogs/raffle/raffle.py", line 75, in start
    description, winners, dos, roles = await self.raffle_setup(ctx)
  File "/root/.local/share/Red-DiscordBot/cogs/CogManager/cogs/raffle/raffle.py", line 303, in raffle_setup
    description = await self._get_response(ctx, q1, predicate1)
  File "/root/.local/share/Red-DiscordBot/cogs/CogManager/cogs/raffle/raffle.py", line 234, in _get_response
    question = await ctx.send(question)
  File "/root/.local/lib/python3.7/site-packages/redbot/core/commands/context.py", line 64, in send
    return await super().send(content=content, **kwargs)
  File "/usr/local/lib/python3.7/dist-packages/discord/abc.py", line 823, in send
    data = await state.http.send_message(channel.id, content, tts=tts, embed=embed, nonce=nonce)
  File "/usr/local/lib/python3.7/dist-packages/discord/http.py", line 218, in request
    raise Forbidden(r, data)
discord.errors.Forbidden: 403 FORBIDDEN (error code: 50013): Missing Permissions
[2019-10-06 13:08:05] [ERROR] red: Exception in command 'raffle start'
Traceback (most recent call last):
  File "/usr/local/lib/python3.7/dist-packages/discord/ext/commands/core.py", line 79, in wrapped
    ret = await coro(*args, **kwargs)
  File "/root/.local/share/Red-DiscordBot/cogs/CogManager/cogs/raffle/raffle.py", line 75, in start
    description, winners, dos, roles = await self.raffle_setup(ctx)
  File "/root/.local/share/Red-DiscordBot/cogs/CogManager/cogs/raffle/raffle.py", line 303, in raffle_setup
    description = await self._get_response(ctx, q1, predicate1)
  File "/root/.local/share/Red-DiscordBot/cogs/CogManager/cogs/raffle/raffle.py", line 234, in _get_response
    question = await ctx.send(question)
  File "/root/.local/lib/python3.7/site-packages/redbot/core/commands/context.py", line 64, in send
    return await super().send(content=content, **kwargs)
  File "/usr/local/lib/python3.7/dist-packages/discord/abc.py", line 823, in send
    data = await state.http.send_message(channel.id, content, tts=tts, embed=embed, nonce=nonce)
  File "/usr/local/lib/python3.7/dist-packages/discord/http.py", line 218, in request
    raise Forbidden(r, data)
discord.errors.Forbidden: 403 FORBIDDEN (error code: 50013): Missing Permissions
[2019-10-06 13:21:42] [ERROR] red.adventure: Error with the countdown timer
Traceback (most recent call last):
  File "/root/.local/share/Red-DiscordBot/cogs/CogManager/cogs/adventure/adventure.py", line 2927, in _choice
    await asyncio.wait_for(timer, timeout=timeout + 5)
  File "/usr/lib/python3.7/asyncio/tasks.py", line 416, in wait_for
    return fut.result()
concurrent.futures._base.CancelledError
[2019-10-06 13:45:03] [ERROR] red.adventure: Error with the countdown timer
Traceback (most recent call last):
  File "/root/.local/share/Red-DiscordBot/cogs/CogManager/cogs/adventure/adventure.py", line 2927, in _choice
    await asyncio.wait_for(timer, timeout=timeout + 5)
  File "/usr/lib/python3.7/asyncio/tasks.py", line 416, in wait_for
    return fut.result()
concurrent.futures._base.CancelledError
[2019-10-06 13:46:12] [ERROR] red.adventure: Error with the countdown timer
Traceback (most recent call last):
  File "/root/.local/share/Red-DiscordBot/cogs/CogManager/cogs/adventure/adventure.py", line 2927, in _choice
    await asyncio.wait_for(timer, timeout=timeout + 5)
  File "/usr/lib/python3.7/asyncio/tasks.py", line 416, in wait_for
    return fut.result()
concurrent.futures._base.CancelledError
[2019-10-06 13:46:45] [ERROR] red.adventure: Error with the countdown timer
Traceback (most recent call last):
  File "/root/.local/share/Red-DiscordBot/cogs/CogManager/cogs/adventure/adventure.py", line 2927, in _choice
    await asyncio.wait_for(timer, timeout=timeout + 5)
  File "/usr/lib/python3.7/asyncio/tasks.py", line 416, in wait_for
    return fut.result()
concurrent.futures._base.CancelledError
[2019-10-06 13:47:37] [ERROR] red.adventure: Error with the countdown timer
Traceback (most recent call last):
  File "/root/.local/share/Red-DiscordBot/cogs/CogManager/cogs/adventure/adventure.py", line 2927, in _choice
    await asyncio.wait_for(timer, timeout=timeout + 5)
  File "/usr/lib/python3.7/asyncio/tasks.py", line 416, in wait_for
    return fut.result()
concurrent.futures._base.CancelledError
[2019-10-06 13:48:05] [ERROR] red.adventure: Error with the countdown timer
Traceback (most recent call last):
  File "/root/.local/share/Red-DiscordBot/cogs/CogManager/cogs/adventure/adventure.py", line 2927, in _choice
    await asyncio.wait_for(timer, timeout=timeout + 5)
  File "/usr/lib/python3.7/asyncio/tasks.py", line 416, in wait_for
    return fut.result()
concurrent.futures._base.CancelledError
[2019-10-06 13:48:51] [ERROR] red.adventure: Error with the countdown timer
Traceback (most recent call last):
  File "/root/.local/share/Red-DiscordBot/cogs/CogManager/cogs/adventure/adventure.py", line 2927, in _choice
    await asyncio.wait_for(timer, timeout=timeout + 5)
  File "/usr/lib/python3.7/asyncio/tasks.py", line 416, in wait_for
    return fut.result()
concurrent.futures._base.CancelledError
[2019-10-06 13:49:19] [ERROR] red.adventure: Error with the countdown timer
Traceback (most recent call last):
  File "/root/.local/share/Red-DiscordBot/cogs/CogManager/cogs/adventure/adventure.py", line 2927, in _choice
    await asyncio.wait_for(timer, timeout=timeout + 5)
  File "/usr/lib/python3.7/asyncio/tasks.py", line 416, in wait_for
    return fut.result()
concurrent.futures._base.CancelledError
[2019-10-06 14:00:49] [ERROR] red.adventure: Error with the countdown timer
Traceback (most recent call last):
  File "/root/.local/share/Red-DiscordBot/cogs/CogManager/cogs/adventure/adventure.py", line 2927, in _choice
    await asyncio.wait_for(timer, timeout=timeout + 5)
  File "/usr/lib/python3.7/asyncio/tasks.py", line 416, in wait_for
    return fut.result()
concurrent.futures._base.CancelledError
[2019-10-06 16:21:17] [INFO] red.admin: Bust o' Nut(347588059539177482) changed the colour of role 'HeadAdmins'
[2019-10-06 16:52:04] [INFO] red.cleanup: Skylarr(474104220770107392) deleted 41 messages  made by Skylarr#6666(474104220770107392) in channel general.
[2019-10-06 17:55:52] [INFO] red.cleanup: Skylarr(474104220770107392) deleted 10 messages in channel mewbot-duels-2.
[2019-10-06 19:09:43] [INFO] red.cleanup: Skylarr(474104220770107392) deleted 5 messages  made by Skylarr#6666(474104220770107392) in channel tournament.
[2019-10-06 19:11:34] [INFO] red.cleanup: Skylarr(474104220770107392) deleted 6 messages in channel tournament.
[2019-10-06 19:12:49] [INFO] red.cleanup: Skylarr(474104220770107392) deleted 3 messages in channel tournament.
[2019-10-06 20:07:22] [INFO] red.cleanup: kungfuartist(462416556853559306) deleted 5 messages in channel chillers-lounge.
[2019-10-06 21:03:23] [ERROR] red: Package loading failed
Traceback (most recent call last):
  File "/usr/local/lib/python3.7/dist-packages/discord/ext/commands/cog.py", line 374, in _inject
    bot.add_command(command)
  File "/root/.local/lib/python3.7/site-packages/redbot/core/bot.py", line 450, in add_command
    super().add_command(command)
  File "/usr/local/lib/python3.7/dist-packages/discord/ext/commands/core.py", line 995, in add_command
    raise discord.ClientException('Command {0.name} is already registered.'.format(command))
discord.errors.ClientException: Command cinfo is already registered.

During handling of the above exception, another exception occurred:

Traceback (most recent call last):
  File "/root/.local/lib/python3.7/site-packages/redbot/core/core_commands.py", line 106, in _load
    await bot.load_extension(spec)
  File "/root/.local/lib/python3.7/site-packages/redbot/core/bot.py", line 302, in load_extension
    lib.setup(self)
  File "/root/.local/share/Red-DiscordBot/cogs/CogManager/cogs/tools/__init__.py", line 4, in setup
    bot.add_cog(Tools(bot))
  File "/root/.local/lib/python3.7/site-packages/redbot/core/bot.py", line 429, in add_cog
    super().add_cog(cog)
  File "/usr/local/lib/python3.7/dist-packages/discord/ext/commands/bot.py", line 482, in add_cog
    cog = cog._inject(self)
  File "/usr/local/lib/python3.7/dist-packages/discord/ext/commands/cog.py", line 378, in _inject
    bot.remove_command(to_undo)
  File "/root/.local/lib/python3.7/site-packages/redbot/core/bot.py", line 464, in remove_command
    command.requires.reset()
AttributeError: 'NoneType' object has no attribute 'requires'
[2019-10-07 01:06:25] [ERROR] red.adventure: Error with the countdown timer
Traceback (most recent call last):
  File "/root/.local/share/Red-DiscordBot/cogs/CogManager/cogs/adventure/adventure.py", line 2927, in _choice
    await asyncio.wait_for(timer, timeout=timeout + 5)
  File "/usr/lib/python3.7/asyncio/tasks.py", line 416, in wait_for
    return fut.result()
concurrent.futures._base.CancelledError
[2019-10-07 10:25:59] [ERROR] red.adventure: Something went wrong controlling the game
Traceback (most recent call last):
  File "/root/.local/share/Red-DiscordBot/cogs/CogManager/cogs/adventure/adventure.py", line 2778, in _adventure
    reward, participants = await self._simple(ctx, adventure_msg, challenge)
  File "/root/.local/share/Red-DiscordBot/cogs/CogManager/cogs/adventure/adventure.py", line 2857, in _simple
    await self._choice(ctx, adventure_msg)
  File "/root/.local/share/Red-DiscordBot/cogs/CogManager/cogs/adventure/adventure.py", line 2933, in _choice
    return await self._result(ctx, adventure_msg)
  File "/root/.local/share/Red-DiscordBot/cogs/CogManager/cogs/adventure/adventure.py", line 3133, in _result
    ctx.guild.id, fumblelist, critlist, attack, magic, challenge
  File "/root/.local/share/Red-DiscordBot/cogs/CogManager/cogs/adventure/adventure.py", line 3671, in handle_fight
    attack += int((roll + base_bonus + crit_bonus + att_value) / pdef)
ZeroDivisionError: division by zero
[2019-10-07 11:15:10] [INFO] red.cleanup: Skylarr(474104220770107392) deleted 2 messages in channel chillers-lounge.
[2019-10-07 11:16:20] [INFO] red.cleanup: Skylarr(474104220770107392) deleted 5 messages in channel chillers-lounge.
[2019-10-07 11:19:59] [INFO] red.cleanup: Skylarr(474104220770107392) deleted 5 messages in channel giveaways.
